This is pdfTeX, Version 3.14159265-2.6-1.40.17 (TeX Live 2016) (preloaded format=pdflatex 2016.10.24)  14 NOV 2018 17:21
entering extended mode
 restricted \write18 enabled.
 %&-line parsing enabled.
**G12TrackNormalizationProcedure.tex
(./G12TrackNormalizationProcedure.tex
LaTeX2e <2016/03/31>
Babel <3.9r> and hyphenation patterns for 83 language(s) loaded.
(/usr/local/texlive/2016/texmf-dist/tex/latex/base/article.cls
Document Class: article 2014/09/29 v1.4h Standard LaTeX document class
(/usr/local/texlive/2016/texmf-dist/tex/latex/base/size11.clo
File: size11.clo 2014/09/29 v1.4h Standard LaTeX file (size option)
)
\c@part=\count79
\c@section=\count80
\c@subsection=\count81
\c@subsubsection=\count82
\c@paragraph=\count83
\c@subparagraph=\count84
\c@figure=\count85
\c@table=\count86
\abovecaptionskip=\skip41
\belowcaptionskip=\skip42
\bibindent=\dimen102
)
(/usr/local/texlive/2016/texmf-dist/tex/latex/base/fontenc.sty
Package: fontenc 2005/09/27 v1.99g Standard LaTeX package

(/usr/local/texlive/2016/texmf-dist/tex/latex/base/t1enc.def
File: t1enc.def 2005/09/27 v1.99g Standard LaTeX file
LaTeX Font Info:    Redeclaring font encoding T1 on input line 48.
))
(/usr/local/texlive/2016/texmf-dist/tex/latex/base/inputenc.sty
Package: inputenc 2015/03/17 v1.2c Input encoding file
\inpenc@prehook=\toks14
\inpenc@posthook=\toks15

(/usr/local/texlive/2016/texmf-dist/tex/latex/base/utf8.def
File: utf8.def 2016/02/28 v1.1s UTF-8 support for inputenc
Now handling font encoding OML ...
... no UTF-8 mapping file for font encoding OML
Now handling font encoding T1 ...
... processing UTF-8 mapping file for font encoding T1

(/usr/local/texlive/2016/texmf-dist/tex/latex/base/t1enc.dfu
File: t1enc.dfu 2016/02/28 v1.1s UTF-8 support for inputenc
   defining Unicode char U+00A0 (decimal 160)
   defining Unicode char U+00A1 (decimal 161)
   defining Unicode char U+00A3 (decimal 163)
   defining Unicode char U+00AB (decimal 171)
   defining Unicode char U+00AD (decimal 173)
   defining Unicode char U+00BB (decimal 187)
   defining Unicode char U+00BF (decimal 191)
   defining Unicode char U+00C0 (decimal 192)
   defining Unicode char U+00C1 (decimal 193)
   defining Unicode char U+00C2 (decimal 194)
   defining Unicode char U+00C3 (decimal 195)
   defining Unicode char U+00C4 (decimal 196)
   defining Unicode char U+00C5 (decimal 197)
   defining Unicode char U+00C6 (decimal 198)
   defining Unicode char U+00C7 (decimal 199)
   defining Unicode char U+00C8 (decimal 200)
   defining Unicode char U+00C9 (decimal 201)
   defining Unicode char U+00CA (decimal 202)
   defining Unicode char U+00CB (decimal 203)
   defining Unicode char U+00CC (decimal 204)
   defining Unicode char U+00CD (decimal 205)
   defining Unicode char U+00CE (decimal 206)
   defining Unicode char U+00CF (decimal 207)
   defining Unicode char U+00D0 (decimal 208)
   defining Unicode char U+00D1 (decimal 209)
   defining Unicode char U+00D2 (decimal 210)
   defining Unicode char U+00D3 (decimal 211)
   defining Unicode char U+00D4 (decimal 212)
   defining Unicode char U+00D5 (decimal 213)
   defining Unicode char U+00D6 (decimal 214)
   defining Unicode char U+00D8 (decimal 216)
   defining Unicode char U+00D9 (decimal 217)
   defining Unicode char U+00DA (decimal 218)
   defining Unicode char U+00DB (decimal 219)
   defining Unicode char U+00DC (decimal 220)
   defining Unicode char U+00DD (decimal 221)
   defining Unicode char U+00DE (decimal 222)
   defining Unicode char U+00DF (decimal 223)
   defining Unicode char U+00E0 (decimal 224)
   defining Unicode char U+00E1 (decimal 225)
   defining Unicode char U+00E2 (decimal 226)
   defining Unicode char U+00E3 (decimal 227)
   defining Unicode char U+00E4 (decimal 228)
   defining Unicode char U+00E5 (decimal 229)
   defining Unicode char U+00E6 (decimal 230)
   defining Unicode char U+00E7 (decimal 231)
   defining Unicode char U+00E8 (decimal 232)
   defining Unicode char U+00E9 (decimal 233)
   defining Unicode char U+00EA (decimal 234)
   defining Unicode char U+00EB (decimal 235)
   defining Unicode char U+00EC (decimal 236)
   defining Unicode char U+00ED (decimal 237)
   defining Unicode char U+00EE (decimal 238)
   defining Unicode char U+00EF (decimal 239)
   defining Unicode char U+00F0 (decimal 240)
   defining Unicode char U+00F1 (decimal 241)
   defining Unicode char U+00F2 (decimal 242)
   defining Unicode char U+00F3 (decimal 243)
   defining Unicode char U+00F4 (decimal 244)
   defining Unicode char U+00F5 (decimal 245)
   defining Unicode char U+00F6 (decimal 246)
   defining Unicode char U+00F8 (decimal 248)
   defining Unicode char U+00F9 (decimal 249)
   defining Unicode char U+00FA (decimal 250)
   defining Unicode char U+00FB (decimal 251)
   defining Unicode char U+00FC (decimal 252)
   defining Unicode char U+00FD (decimal 253)
   defining Unicode char U+00FE (decimal 254)
   defining Unicode char U+00FF (decimal 255)
   defining Unicode char U+0100 (decimal 256)
   defining Unicode char U+0101 (decimal 257)
   defining Unicode char U+0102 (decimal 258)
   defining Unicode char U+0103 (decimal 259)
   defining Unicode char U+0104 (decimal 260)
   defining Unicode char U+0105 (decimal 261)
   defining Unicode char U+0106 (decimal 262)
   defining Unicode char U+0107 (decimal 263)
   defining Unicode char U+0108 (decimal 264)
   defining Unicode char U+0109 (decimal 265)
   defining Unicode char U+010A (decimal 266)
   defining Unicode char U+010B (decimal 267)
   defining Unicode char U+010C (decimal 268)
   defining Unicode char U+010D (decimal 269)
   defining Unicode char U+010E (decimal 270)
   defining Unicode char U+010F (decimal 271)
   defining Unicode char U+0110 (decimal 272)
   defining Unicode char U+0111 (decimal 273)
   defining Unicode char U+0112 (decimal 274)
   defining Unicode char U+0113 (decimal 275)
   defining Unicode char U+0114 (decimal 276)
   defining Unicode char U+0115 (decimal 277)
   defining Unicode char U+0116 (decimal 278)
   defining Unicode char U+0117 (decimal 279)
   defining Unicode char U+0118 (decimal 280)
   defining Unicode char U+0119 (decimal 281)
   defining Unicode char U+011A (decimal 282)
   defining Unicode char U+011B (decimal 283)
   defining Unicode char U+011C (decimal 284)
   defining Unicode char U+011D (decimal 285)
   defining Unicode char U+011E (decimal 286)
   defining Unicode char U+011F (decimal 287)
   defining Unicode char U+0120 (decimal 288)
   defining Unicode char U+0121 (decimal 289)
   defining Unicode char U+0122 (decimal 290)
   defining Unicode char U+0123 (decimal 291)
   defining Unicode char U+0124 (decimal 292)
   defining Unicode char U+0125 (decimal 293)
   defining Unicode char U+0128 (decimal 296)
   defining Unicode char U+0129 (decimal 297)
   defining Unicode char U+012A (decimal 298)
   defining Unicode char U+012B (decimal 299)
   defining Unicode char U+012C (decimal 300)
   defining Unicode char U+012D (decimal 301)
   defining Unicode char U+012E (decimal 302)
   defining Unicode char U+012F (decimal 303)
   defining Unicode char U+0130 (decimal 304)
   defining Unicode char U+0131 (decimal 305)
   defining Unicode char U+0132 (decimal 306)
   defining Unicode char U+0133 (decimal 307)
   defining Unicode char U+0134 (decimal 308)
   defining Unicode char U+0135 (decimal 309)
   defining Unicode char U+0136 (decimal 310)
   defining Unicode char U+0137 (decimal 311)
   defining Unicode char U+0139 (decimal 313)
   defining Unicode char U+013A (decimal 314)
   defining Unicode char U+013B (decimal 315)
   defining Unicode char U+013C (decimal 316)
   defining Unicode char U+013D (decimal 317)
   defining Unicode char U+013E (decimal 318)
   defining Unicode char U+0141 (decimal 321)
   defining Unicode char U+0142 (decimal 322)
   defining Unicode char U+0143 (decimal 323)
   defining Unicode char U+0144 (decimal 324)
   defining Unicode char U+0145 (decimal 325)
   defining Unicode char U+0146 (decimal 326)
   defining Unicode char U+0147 (decimal 327)
   defining Unicode char U+0148 (decimal 328)
   defining Unicode char U+014A (decimal 330)
   defining Unicode char U+014B (decimal 331)
   defining Unicode char U+014C (decimal 332)
   defining Unicode char U+014D (decimal 333)
   defining Unicode char U+014E (decimal 334)
   defining Unicode char U+014F (decimal 335)
   defining Unicode char U+0150 (decimal 336)
   defining Unicode char U+0151 (decimal 337)
   defining Unicode char U+0152 (decimal 338)
   defining Unicode char U+0153 (decimal 339)
   defining Unicode char U+0154 (decimal 340)
   defining Unicode char U+0155 (decimal 341)
   defining Unicode char U+0156 (decimal 342)
   defining Unicode char U+0157 (decimal 343)
   defining Unicode char U+0158 (decimal 344)
   defining Unicode char U+0159 (decimal 345)
   defining Unicode char U+015A (decimal 346)
   defining Unicode char U+015B (decimal 347)
   defining Unicode char U+015C (decimal 348)
   defining Unicode char U+015D (decimal 349)
   defining Unicode char U+015E (decimal 350)
   defining Unicode char U+015F (decimal 351)
   defining Unicode char U+0160 (decimal 352)
   defining Unicode char U+0161 (decimal 353)
   defining Unicode char U+0162 (decimal 354)
   defining Unicode char U+0163 (decimal 355)
   defining Unicode char U+0164 (decimal 356)
   defining Unicode char U+0165 (decimal 357)
   defining Unicode char U+0168 (decimal 360)
   defining Unicode char U+0169 (decimal 361)
   defining Unicode char U+016A (decimal 362)
   defining Unicode char U+016B (decimal 363)
   defining Unicode char U+016C (decimal 364)
   defining Unicode char U+016D (decimal 365)
   defining Unicode char U+016E (decimal 366)
   defining Unicode char U+016F (decimal 367)
   defining Unicode char U+0170 (decimal 368)
   defining Unicode char U+0171 (decimal 369)
   defining Unicode char U+0172 (decimal 370)
   defining Unicode char U+0173 (decimal 371)
   defining Unicode char U+0174 (decimal 372)
   defining Unicode char U+0175 (decimal 373)
   defining Unicode char U+0176 (decimal 374)
   defining Unicode char U+0177 (decimal 375)
   defining Unicode char U+0178 (decimal 376)
   defining Unicode char U+0179 (decimal 377)
   defining Unicode char U+017A (decimal 378)
   defining Unicode char U+017B (decimal 379)
   defining Unicode char U+017C (decimal 380)
   defining Unicode char U+017D (decimal 381)
   defining Unicode char U+017E (decimal 382)
   defining Unicode char U+01CD (decimal 461)
   defining Unicode char U+01CE (decimal 462)
   defining Unicode char U+01CF (decimal 463)
   defining Unicode char U+01D0 (decimal 464)
   defining Unicode char U+01D1 (decimal 465)
   defining Unicode char U+01D2 (decimal 466)
   defining Unicode char U+01D3 (decimal 467)
   defining Unicode char U+01D4 (decimal 468)
   defining Unicode char U+01E2 (decimal 482)
   defining Unicode char U+01E3 (decimal 483)
   defining Unicode char U+01E6 (decimal 486)
   defining Unicode char U+01E7 (decimal 487)
   defining Unicode char U+01E8 (decimal 488)
   defining Unicode char U+01E9 (decimal 489)
   defining Unicode char U+01EA (decimal 490)
   defining Unicode char U+01EB (decimal 491)
   defining Unicode char U+01F0 (decimal 496)
   defining Unicode char U+01F4 (decimal 500)
   defining Unicode char U+01F5 (decimal 501)
   defining Unicode char U+0218 (decimal 536)
   defining Unicode char U+0219 (decimal 537)
   defining Unicode char U+021A (decimal 538)
   defining Unicode char U+021B (decimal 539)
   defining Unicode char U+1E02 (decimal 7682)
   defining Unicode char U+1E03 (decimal 7683)
   defining Unicode char U+200C (decimal 8204)
   defining Unicode char U+2010 (decimal 8208)
   defining Unicode char U+2011 (decimal 8209)
   defining Unicode char U+2012 (decimal 8210)
   defining Unicode char U+2013 (decimal 8211)
   defining Unicode char U+2014 (decimal 8212)
   defining Unicode char U+2015 (decimal 8213)
   defining Unicode char U+2018 (decimal 8216)
   defining Unicode char U+2019 (decimal 8217)
   defining Unicode char U+201A (decimal 8218)
   defining Unicode char U+201C (decimal 8220)
   defining Unicode char U+201D (decimal 8221)
   defining Unicode char U+201E (decimal 8222)
   defining Unicode char U+2030 (decimal 8240)
   defining Unicode char U+2031 (decimal 8241)
   defining Unicode char U+2039 (decimal 8249)
   defining Unicode char U+203A (decimal 8250)
   defining Unicode char U+2423 (decimal 9251)
)
Now handling font encoding OT1 ...
... processing UTF-8 mapping file for font encoding OT1

(/usr/local/texlive/2016/texmf-dist/tex/latex/base/ot1enc.dfu
File: ot1enc.dfu 2016/02/28 v1.1s UTF-8 support for inputenc
   defining Unicode char U+00A0 (decimal 160)
   defining Unicode char U+00A1 (decimal 161)
   defining Unicode char U+00A3 (decimal 163)
   defining Unicode char U+00AD (decimal 173)
   defining Unicode char U+00B8 (decimal 184)
   defining Unicode char U+00BF (decimal 191)
   defining Unicode char U+00C5 (decimal 197)
   defining Unicode char U+00C6 (decimal 198)
   defining Unicode char U+00D8 (decimal 216)
   defining Unicode char U+00DF (decimal 223)
   defining Unicode char U+00E6 (decimal 230)
   defining Unicode char U+00EC (decimal 236)
   defining Unicode char U+00ED (decimal 237)
   defining Unicode char U+00EE (decimal 238)
   defining Unicode char U+00EF (decimal 239)
   defining Unicode char U+00F8 (decimal 248)
   defining Unicode char U+0131 (decimal 305)
   defining Unicode char U+0141 (decimal 321)
   defining Unicode char U+0142 (decimal 322)
   defining Unicode char U+0152 (decimal 338)
   defining Unicode char U+0153 (decimal 339)
   defining Unicode char U+0174 (decimal 372)
   defining Unicode char U+0175 (decimal 373)
   defining Unicode char U+0176 (decimal 374)
   defining Unicode char U+0177 (decimal 375)
   defining Unicode char U+0218 (decimal 536)
   defining Unicode char U+0219 (decimal 537)
   defining Unicode char U+021A (decimal 538)
   defining Unicode char U+021B (decimal 539)
   defining Unicode char U+2013 (decimal 8211)
   defining Unicode char U+2014 (decimal 8212)
   defining Unicode char U+2018 (decimal 8216)
   defining Unicode char U+2019 (decimal 8217)
   defining Unicode char U+201C (decimal 8220)
   defining Unicode char U+201D (decimal 8221)
)
Now handling font encoding OMS ...
... processing UTF-8 mapping file for font encoding OMS

(/usr/local/texlive/2016/texmf-dist/tex/latex/base/omsenc.dfu
File: omsenc.dfu 2016/02/28 v1.1s UTF-8 support for inputenc
   defining Unicode char U+00A7 (decimal 167)
   defining Unicode char U+00B6 (decimal 182)
   defining Unicode char U+00B7 (decimal 183)
   defining Unicode char U+2020 (decimal 8224)
   defining Unicode char U+2021 (decimal 8225)
   defining Unicode char U+2022 (decimal 8226)
)
Now handling font encoding OMX ...
... no UTF-8 mapping file for font encoding OMX
Now handling font encoding U ...
... no UTF-8 mapping file for font encoding U
   defining Unicode char U+00A9 (decimal 169)
   defining Unicode char U+00AA (decimal 170)
   defining Unicode char U+00AE (decimal 174)
   defining Unicode char U+00BA (decimal 186)
   defining Unicode char U+02C6 (decimal 710)
   defining Unicode char U+02DC (decimal 732)
   defining Unicode char U+200C (decimal 8204)
   defining Unicode char U+2026 (decimal 8230)
   defining Unicode char U+2122 (decimal 8482)
   defining Unicode char U+2423 (decimal 9251)
))
(/usr/local/texlive/2016/texmf-dist/tex/latex/preprint/authblk.sty
Package: authblk 2001/02/27 1.3 (PWD)
\affilsep=\skip43
\@affilsep=\skip44
\c@Maxaffil=\count87
\c@authors=\count88
\c@affil=\count89
)
(/usr/local/texlive/2016/texmf-dist/tex/generic/babel/babel.sty
Package: babel 2016/04/23 3.9r The Babel package

(/usr/local/texlive/2016/texmf-dist/tex/generic/babel-english/english.ldf
Language: english 2012/08/20 v3.3p English support from the babel system

(/usr/local/texlive/2016/texmf-dist/tex/generic/babel/babel.def
File: babel.def 2016/04/23 3.9r Babel common definitions
\babel@savecnt=\count90
\U@D=\dimen103
)
\l@canadian = a dialect from \language\l@american 
\l@australian = a dialect from \language\l@british 
\l@newzealand = a dialect from \language\l@british 
))
(/usr/local/texlive/2016/texmf-dist/tex/latex/fancyhdr/fancyhdr.sty
\fancy@headwidth=\skip45
\f@ncyO@elh=\skip46
\f@ncyO@erh=\skip47
\f@ncyO@olh=\skip48
\f@ncyO@orh=\skip49
\f@ncyO@elf=\skip50
\f@ncyO@erf=\skip51
\f@ncyO@olf=\skip52
\f@ncyO@orf=\skip53
)
(/usr/local/texlive/2016/texmf-dist/tex/latex/subfig/subfig.sty
Package: subfig 2005/06/28 ver: 1.3 subfig package

(/usr/local/texlive/2016/texmf-dist/tex/latex/graphics/keyval.sty
Package: keyval 2014/10/28 v1.15 key=value parser (DPC)
\KV@toks@=\toks16
)
(/usr/local/texlive/2016/texmf-dist/tex/latex/caption/caption.sty
Package: caption 2016/02/21 v3.3-144 Customizing captions (AR)

(/usr/local/texlive/2016/texmf-dist/tex/latex/caption/caption3.sty
Package: caption3 2016/02/04 v1.7-139 caption3 kernel (AR)
Package caption3 Info: TeX engine: e-TeX on input line 67.
\captionmargin=\dimen104
\captionmargin@=\dimen105
\captionwidth=\dimen106
\caption@tempdima=\dimen107
\caption@indent=\dimen108
\caption@parindent=\dimen109
\caption@hangindent=\dimen110
)
\c@ContinuedFloat=\count91
)
\c@KVtest=\count92
\sf@farskip=\skip54
\sf@captopadj=\dimen111
\sf@capskip=\skip55
\sf@nearskip=\skip56
\c@subfigure=\count93
\c@subfigure@save=\count94
\c@lofdepth=\count95
\c@subtable=\count96
\c@subtable@save=\count97
\c@lotdepth=\count98
\sf@top=\skip57
\sf@bottom=\skip58
)
(/usr/local/texlive/2016/texmf-dist/tex/latex/floatrow/floatrow.sty
Package: floatrow 2008/08/02 v0.3b floatrow: float package extension
\c@float@type=\count99
\float@exts=\toks17
\float@box=\box26
\@floatcapt=\box27
Package floatrow Info: Modified float package code loaded on input line 455.
Package floatrow Info: Modified rotfloat package code loaded on input line 473.

\FR@everyfloat=\toks18
\flrow@foot=\insert199
\FB@wd=\dimen112
\FBo@wd=\dimen113
\FBc@wd=\dimen114
\FBo@ht=\skip59
\FBc@ht=\skip60
\FBf@ht=\skip61
\FBo@max=\skip62
\FBc@max=\skip63
\FBf@max=\skip64
\c@FBl@b=\count100
\floatbox@depth=\count101
\c@FRobj=\count102
\c@FRsobj=\count103
\Xhsize=\skip65
\sXhsize=\skip66
\Zhsize=\skip67
\sZhsize=\skip68
\flrow@rowbox=\box28
\FR@Zunitlength=\dimen115
\c@FBcnt=\count104
\FPOScnt=\count105
\LTleft=\skip69
\LTright=\skip70
\LTleft=\skip71
\LTright=\skip72
\flrow@types=\toks19
)
(/usr/local/texlive/2016/texmf-dist/tex/latex/amsmath/amsmath.sty
Package: amsmath 2016/03/10 v2.15b AMS math features
\@mathmargin=\skip73

For additional information on amsmath, use the `?' option.
(/usr/local/texlive/2016/texmf-dist/tex/latex/amsmath/amstext.sty
Package: amstext 2000/06/29 v2.01 AMS text

(/usr/local/texlive/2016/texmf-dist/tex/latex/amsmath/amsgen.sty
File: amsgen.sty 1999/11/30 v2.0 generic functions
\@emptytoks=\toks20
\ex@=\dimen116
))
(/usr/local/texlive/2016/texmf-dist/tex/latex/amsmath/amsbsy.sty
Package: amsbsy 1999/11/29 v1.2d Bold Symbols
\pmbraise@=\dimen117
)
(/usr/local/texlive/2016/texmf-dist/tex/latex/amsmath/amsopn.sty
Package: amsopn 2016/03/08 v2.02 operator names
)
\inf@bad=\count106
LaTeX Info: Redefining \frac on input line 199.
\uproot@=\count107
\leftroot@=\count108
LaTeX Info: Redefining \overline on input line 297.
\classnum@=\count109
\DOTSCASE@=\count110
LaTeX Info: Redefining \ldots on input line 394.
LaTeX Info: Redefining \dots on input line 397.
LaTeX Info: Redefining \cdots on input line 518.
\Mathstrutbox@=\box29
\strutbox@=\box30
\big@size=\dimen118
LaTeX Font Info:    Redeclaring font encoding OML on input line 634.
LaTeX Font Info:    Redeclaring font encoding OMS on input line 635.
\macc@depth=\count111
\c@MaxMatrixCols=\count112
\dotsspace@=\muskip10
\c@parentequation=\count113
\dspbrk@lvl=\count114
\tag@help=\toks21
\row@=\count115
\column@=\count116
\maxfields@=\count117
\andhelp@=\toks22
\eqnshift@=\dimen119
\alignsep@=\dimen120
\tagshift@=\dimen121
\tagwidth@=\dimen122
\totwidth@=\dimen123
\lineht@=\dimen124
\@envbody=\toks23
\multlinegap=\skip74
\multlinetaggap=\skip75
\mathdisplay@stack=\toks24
LaTeX Info: Redefining \[ on input line 2739.
LaTeX Info: Redefining \] on input line 2740.
)
(/usr/local/texlive/2016/texmf-dist/tex/latex/amsfonts/amssymb.sty
Package: amssymb 2013/01/14 v3.01 AMS font symbols

(/usr/local/texlive/2016/texmf-dist/tex/latex/amsfonts/amsfonts.sty
Package: amsfonts 2013/01/14 v3.01 Basic AMSFonts support
\symAMSa=\mathgroup4
\symAMSb=\mathgroup5
LaTeX Font Info:    Overwriting math alphabet `\mathfrak' in version `bold'
(Font)                  U/euf/m/n --> U/euf/b/n on input line 106.
))
(/usr/local/texlive/2016/texmf-dist/tex/latex/carlisle/slashed.sty
Package: slashed 1997/01/16 v0.01 Feynman Slashed Character Notation (DPC)
)
(/usr/local/texlive/2016/texmf-dist/tex/latex/graphics/graphicx.sty
Package: graphicx 2014/10/28 v1.0g Enhanced LaTeX Graphics (DPC,SPQR)

(/usr/local/texlive/2016/texmf-dist/tex/latex/graphics/graphics.sty
Package: graphics 2016/05/09 v1.0r Standard LaTeX Graphics (DPC,SPQR)

(/usr/local/texlive/2016/texmf-dist/tex/latex/graphics/trig.sty
Package: trig 2016/01/03 v1.10 sin cos tan (DPC)
)
(/usr/local/texlive/2016/texmf-dist/tex/latex/graphics-cfg/graphics.cfg
File: graphics.cfg 2016/01/02 v1.10 sample graphics configuration
)
Package graphics Info: Driver file: pdftex.def on input line 96.

(/usr/local/texlive/2016/texmf-dist/tex/latex/pdftex-def/pdftex.def
File: pdftex.def 2011/05/27 v0.06d Graphics/color for pdfTeX

(/usr/local/texlive/2016/texmf-dist/tex/generic/oberdiek/infwarerr.sty
Package: infwarerr 2016/05/16 v1.4 Providing info/warning/error messages (HO)
)
(/usr/local/texlive/2016/texmf-dist/tex/generic/oberdiek/ltxcmds.sty
Package: ltxcmds 2016/05/16 v1.23 LaTeX kernel commands for general use (HO)
)
\Gread@gobject=\count118
))
\Gin@req@height=\dimen125
\Gin@req@width=\dimen126
)
(/usr/local/texlive/2016/texmf-dist/tex/latex/todonotes/todonotes.sty
Package: todonotes 2015/07/09 .dtx Todonotes source and documentation.
Package: todonotes 2012/07/25

(/usr/local/texlive/2016/texmf-dist/tex/latex/base/ifthen.sty
Package: ifthen 2014/09/29 v1.1c Standard LaTeX ifthen package (DPC)
)
(/usr/local/texlive/2016/texmf-dist/tex/latex/xkeyval/xkeyval.sty
Package: xkeyval 2014/12/03 v2.7a package option processing (HA)

(/usr/local/texlive/2016/texmf-dist/tex/generic/xkeyval/xkeyval.tex
(/usr/local/texlive/2016/texmf-dist/tex/generic/xkeyval/xkvutils.tex
\XKV@toks=\toks25
\XKV@tempa@toks=\toks26
)
\XKV@depth=\count119
File: xkeyval.tex 2014/12/03 v2.7a key=value parser (HA)
))
(/usr/local/texlive/2016/texmf-dist/tex/latex/xcolor/xcolor.sty
Package: xcolor 2016/05/11 v2.12 LaTeX color extensions (UK)

(/usr/local/texlive/2016/texmf-dist/tex/latex/graphics-cfg/color.cfg
File: color.cfg 2016/01/02 v1.6 sample color configuration
)
Package xcolor Info: Driver file: pdftex.def on input line 225.
Package xcolor Info: Model `cmy' substituted by `cmy0' on input line 1348.
Package xcolor Info: Model `hsb' substituted by `rgb' on input line 1352.
Package xcolor Info: Model `RGB' extended on input line 1364.
Package xcolor Info: Model `HTML' substituted by `rgb' on input line 1366.
Package xcolor Info: Model `Hsb' substituted by `hsb' on input line 1367.
Package xcolor Info: Model `tHsb' substituted by `hsb' on input line 1368.
Package xcolor Info: Model `HSB' substituted by `hsb' on input line 1369.
Package xcolor Info: Model `Gray' substituted by `gray' on input line 1370.
Package xcolor Info: Model `wave' substituted by `hsb' on input line 1371.
)
(/usr/local/texlive/2016/texmf-dist/tex/latex/pgf/frontendlayer/tikz.sty
(/usr/local/texlive/2016/texmf-dist/tex/latex/pgf/basiclayer/pgf.sty
(/usr/local/texlive/2016/texmf-dist/tex/latex/pgf/utilities/pgfrcs.sty
(/usr/local/texlive/2016/texmf-dist/tex/generic/pgf/utilities/pgfutil-common.te
x
\pgfutil@everybye=\toks27
\pgfutil@tempdima=\dimen127
\pgfutil@tempdimb=\dimen128

(/usr/local/texlive/2016/texmf-dist/tex/generic/pgf/utilities/pgfutil-common-li
sts.tex))
(/usr/local/texlive/2016/texmf-dist/tex/generic/pgf/utilities/pgfutil-latex.def
\pgfutil@abb=\box31
(/usr/local/texlive/2016/texmf-dist/tex/latex/ms/everyshi.sty
Package: everyshi 2001/05/15 v3.00 EveryShipout Package (MS)
))
(/usr/local/texlive/2016/texmf-dist/tex/generic/pgf/utilities/pgfrcs.code.tex
Package: pgfrcs 2015/08/07 v3.0.1a (rcs-revision 1.31)
))
Package: pgf 2015/08/07 v3.0.1a (rcs-revision 1.15)
(/usr/local/texlive/2016/texmf-dist/tex/latex/pgf/basiclayer/pgfcore.sty
(/usr/local/texlive/2016/texmf-dist/tex/latex/pgf/systemlayer/pgfsys.sty
(/usr/local/texlive/2016/texmf-dist/tex/generic/pgf/systemlayer/pgfsys.code.tex
Package: pgfsys 2014/07/09 v3.0.1a (rcs-revision 1.48)
(/usr/local/texlive/2016/texmf-dist/tex/generic/pgf/utilities/pgfkeys.code.tex
\pgfkeys@pathtoks=\toks28
\pgfkeys@temptoks=\toks29

(/usr/local/texlive/2016/texmf-dist/tex/generic/pgf/utilities/pgfkeysfiltered.c
ode.tex
\pgfkeys@tmptoks=\toks30
))
\pgf@x=\dimen129
\pgf@y=\dimen130
\pgf@xa=\dimen131
\pgf@ya=\dimen132
\pgf@xb=\dimen133
\pgf@yb=\dimen134
\pgf@xc=\dimen135
\pgf@yc=\dimen136
\w@pgf@writea=\write3
\r@pgf@reada=\read1
\c@pgf@counta=\count120
\c@pgf@countb=\count121
\c@pgf@countc=\count122
\c@pgf@countd=\count123
\t@pgf@toka=\toks31
\t@pgf@tokb=\toks32
\t@pgf@tokc=\toks33

(/usr/local/texlive/2016/texmf-dist/tex/generic/pgf/systemlayer/pgf.cfg
File: pgf.cfg 2008/05/14  (rcs-revision 1.7)
)
Driver file for pgf: pgfsys-pdftex.def

(/usr/local/texlive/2016/texmf-dist/tex/generic/pgf/systemlayer/pgfsys-pdftex.d
ef
File: pgfsys-pdftex.def 2014/10/11  (rcs-revision 1.35)

(/usr/local/texlive/2016/texmf-dist/tex/generic/pgf/systemlayer/pgfsys-common-p
df.def
File: pgfsys-common-pdf.def 2013/10/10  (rcs-revision 1.13)
)))
(/usr/local/texlive/2016/texmf-dist/tex/generic/pgf/systemlayer/pgfsyssoftpath.
code.tex
File: pgfsyssoftpath.code.tex 2013/09/09  (rcs-revision 1.9)
\pgfsyssoftpath@smallbuffer@items=\count124
\pgfsyssoftpath@bigbuffer@items=\count125
)
(/usr/local/texlive/2016/texmf-dist/tex/generic/pgf/systemlayer/pgfsysprotocol.
code.tex
File: pgfsysprotocol.code.tex 2006/10/16  (rcs-revision 1.4)
))
(/usr/local/texlive/2016/texmf-dist/tex/generic/pgf/basiclayer/pgfcore.code.tex
Package: pgfcore 2010/04/11 v3.0.1a (rcs-revision 1.7)
(/usr/local/texlive/2016/texmf-dist/tex/generic/pgf/math/pgfmath.code.tex
(/usr/local/texlive/2016/texmf-dist/tex/generic/pgf/math/pgfmathcalc.code.tex
(/usr/local/texlive/2016/texmf-dist/tex/generic/pgf/math/pgfmathutil.code.tex)
(/usr/local/texlive/2016/texmf-dist/tex/generic/pgf/math/pgfmathparser.code.tex
\pgfmath@dimen=\dimen137
\pgfmath@count=\count126
\pgfmath@box=\box32
\pgfmath@toks=\toks34
\pgfmath@stack@operand=\toks35
\pgfmath@stack@operation=\toks36
)
(/usr/local/texlive/2016/texmf-dist/tex/generic/pgf/math/pgfmathfunctions.code.
tex
(/usr/local/texlive/2016/texmf-dist/tex/generic/pgf/math/pgfmathfunctions.basic
.code.tex)
(/usr/local/texlive/2016/texmf-dist/tex/generic/pgf/math/pgfmathfunctions.trigo
nometric.code.tex)
(/usr/local/texlive/2016/texmf-dist/tex/generic/pgf/math/pgfmathfunctions.rando
m.code.tex)
(/usr/local/texlive/2016/texmf-dist/tex/generic/pgf/math/pgfmathfunctions.compa
rison.code.tex)
(/usr/local/texlive/2016/texmf-dist/tex/generic/pgf/math/pgfmathfunctions.base.
code.tex)
(/usr/local/texlive/2016/texmf-dist/tex/generic/pgf/math/pgfmathfunctions.round
.code.tex)
(/usr/local/texlive/2016/texmf-dist/tex/generic/pgf/math/pgfmathfunctions.misc.
code.tex)
(/usr/local/texlive/2016/texmf-dist/tex/generic/pgf/math/pgfmathfunctions.integ
erarithmetics.code.tex)))
(/usr/local/texlive/2016/texmf-dist/tex/generic/pgf/math/pgfmathfloat.code.tex
\c@pgfmathroundto@lastzeros=\count127
))
(/usr/local/texlive/2016/texmf-dist/tex/generic/pgf/basiclayer/pgfcorepoints.co
de.tex
File: pgfcorepoints.code.tex 2013/10/07  (rcs-revision 1.27)
\pgf@picminx=\dimen138
\pgf@picmaxx=\dimen139
\pgf@picminy=\dimen140
\pgf@picmaxy=\dimen141
\pgf@pathminx=\dimen142
\pgf@pathmaxx=\dimen143
\pgf@pathminy=\dimen144
\pgf@pathmaxy=\dimen145
\pgf@xx=\dimen146
\pgf@xy=\dimen147
\pgf@yx=\dimen148
\pgf@yy=\dimen149
\pgf@zx=\dimen150
\pgf@zy=\dimen151
)
(/usr/local/texlive/2016/texmf-dist/tex/generic/pgf/basiclayer/pgfcorepathconst
ruct.code.tex
File: pgfcorepathconstruct.code.tex 2013/10/07  (rcs-revision 1.29)
\pgf@path@lastx=\dimen152
\pgf@path@lasty=\dimen153
)
(/usr/local/texlive/2016/texmf-dist/tex/generic/pgf/basiclayer/pgfcorepathusage
.code.tex
File: pgfcorepathusage.code.tex 2014/11/02  (rcs-revision 1.24)
\pgf@shorten@end@additional=\dimen154
\pgf@shorten@start@additional=\dimen155
)
(/usr/local/texlive/2016/texmf-dist/tex/generic/pgf/basiclayer/pgfcorescopes.co
de.tex
File: pgfcorescopes.code.tex 2015/05/08  (rcs-revision 1.46)
\pgfpic=\box33
\pgf@hbox=\box34
\pgf@layerbox@main=\box35
\pgf@picture@serial@count=\count128
)
(/usr/local/texlive/2016/texmf-dist/tex/generic/pgf/basiclayer/pgfcoregraphicst
ate.code.tex
File: pgfcoregraphicstate.code.tex 2014/11/02  (rcs-revision 1.12)
\pgflinewidth=\dimen156
)
(/usr/local/texlive/2016/texmf-dist/tex/generic/pgf/basiclayer/pgfcoretransform
ations.code.tex
File: pgfcoretransformations.code.tex 2015/08/07  (rcs-revision 1.20)
\pgf@pt@x=\dimen157
\pgf@pt@y=\dimen158
\pgf@pt@temp=\dimen159
)
(/usr/local/texlive/2016/texmf-dist/tex/generic/pgf/basiclayer/pgfcorequick.cod
e.tex
File: pgfcorequick.code.tex 2008/10/09  (rcs-revision 1.3)
)
(/usr/local/texlive/2016/texmf-dist/tex/generic/pgf/basiclayer/pgfcoreobjects.c
ode.tex
File: pgfcoreobjects.code.tex 2006/10/11  (rcs-revision 1.2)
)
(/usr/local/texlive/2016/texmf-dist/tex/generic/pgf/basiclayer/pgfcorepathproce
ssing.code.tex
File: pgfcorepathprocessing.code.tex 2013/09/09  (rcs-revision 1.9)
)
(/usr/local/texlive/2016/texmf-dist/tex/generic/pgf/basiclayer/pgfcorearrows.co
de.tex
File: pgfcorearrows.code.tex 2015/05/14  (rcs-revision 1.43)
\pgfarrowsep=\dimen160
)
(/usr/local/texlive/2016/texmf-dist/tex/generic/pgf/basiclayer/pgfcoreshade.cod
e.tex
File: pgfcoreshade.code.tex 2013/07/15  (rcs-revision 1.15)
\pgf@max=\dimen161
\pgf@sys@shading@range@num=\count129
)
(/usr/local/texlive/2016/texmf-dist/tex/generic/pgf/basiclayer/pgfcoreimage.cod
e.tex
File: pgfcoreimage.code.tex 2013/07/15  (rcs-revision 1.18)

(/usr/local/texlive/2016/texmf-dist/tex/generic/pgf/basiclayer/pgfcoreexternal.
code.tex
File: pgfcoreexternal.code.tex 2014/07/09  (rcs-revision 1.21)
\pgfexternal@startupbox=\box36
))
(/usr/local/texlive/2016/texmf-dist/tex/generic/pgf/basiclayer/pgfcorelayers.co
de.tex
File: pgfcorelayers.code.tex 2013/07/18  (rcs-revision 1.7)
)
(/usr/local/texlive/2016/texmf-dist/tex/generic/pgf/basiclayer/pgfcoretranspare
ncy.code.tex
File: pgfcoretransparency.code.tex 2013/09/30  (rcs-revision 1.5)
)
(/usr/local/texlive/2016/texmf-dist/tex/generic/pgf/basiclayer/pgfcorepatterns.
code.tex
File: pgfcorepatterns.code.tex 2013/11/07  (rcs-revision 1.5)
)))
(/usr/local/texlive/2016/texmf-dist/tex/generic/pgf/modules/pgfmoduleshapes.cod
e.tex
File: pgfmoduleshapes.code.tex 2014/03/21  (rcs-revision 1.35)
\pgfnodeparttextbox=\box37
)
(/usr/local/texlive/2016/texmf-dist/tex/generic/pgf/modules/pgfmoduleplot.code.
tex
File: pgfmoduleplot.code.tex 2015/08/03  (rcs-revision 1.13)
)
(/usr/local/texlive/2016/texmf-dist/tex/latex/pgf/compatibility/pgfcomp-version
-0-65.sty
Package: pgfcomp-version-0-65 2007/07/03 v3.0.1a (rcs-revision 1.7)
\pgf@nodesepstart=\dimen162
\pgf@nodesepend=\dimen163
)
(/usr/local/texlive/2016/texmf-dist/tex/latex/pgf/compatibility/pgfcomp-version
-1-18.sty
Package: pgfcomp-version-1-18 2007/07/23 v3.0.1a (rcs-revision 1.1)
))
(/usr/local/texlive/2016/texmf-dist/tex/latex/pgf/utilities/pgffor.sty
(/usr/local/texlive/2016/texmf-dist/tex/latex/pgf/utilities/pgfkeys.sty
(/usr/local/texlive/2016/texmf-dist/tex/generic/pgf/utilities/pgfkeys.code.tex)
) (/usr/local/texlive/2016/texmf-dist/tex/latex/pgf/math/pgfmath.sty
(/usr/local/texlive/2016/texmf-dist/tex/generic/pgf/math/pgfmath.code.tex))
(/usr/local/texlive/2016/texmf-dist/tex/generic/pgf/utilities/pgffor.code.tex
Package: pgffor 2013/12/13 v3.0.1a (rcs-revision 1.25)

(/usr/local/texlive/2016/texmf-dist/tex/generic/pgf/math/pgfmath.code.tex)
\pgffor@iter=\dimen164
\pgffor@skip=\dimen165
\pgffor@stack=\toks37
\pgffor@toks=\toks38
))
(/usr/local/texlive/2016/texmf-dist/tex/generic/pgf/frontendlayer/tikz/tikz.cod
e.tex
Package: tikz 2015/08/07 v3.0.1a (rcs-revision 1.151)

(/usr/local/texlive/2016/texmf-dist/tex/generic/pgf/libraries/pgflibraryplothan
dlers.code.tex
File: pgflibraryplothandlers.code.tex 2013/08/31 v3.0.1a (rcs-revision 1.20)
\pgf@plot@mark@count=\count130
\pgfplotmarksize=\dimen166
)
\tikz@lastx=\dimen167
\tikz@lasty=\dimen168
\tikz@lastxsaved=\dimen169
\tikz@lastysaved=\dimen170
\tikzleveldistance=\dimen171
\tikzsiblingdistance=\dimen172
\tikz@figbox=\box38
\tikz@figbox@bg=\box39
\tikz@tempbox=\box40
\tikz@tempbox@bg=\box41
\tikztreelevel=\count131
\tikznumberofchildren=\count132
\tikznumberofcurrentchild=\count133
\tikz@fig@count=\count134

(/usr/local/texlive/2016/texmf-dist/tex/generic/pgf/modules/pgfmodulematrix.cod
e.tex
File: pgfmodulematrix.code.tex 2013/09/17  (rcs-revision 1.8)
\pgfmatrixcurrentrow=\count135
\pgfmatrixcurrentcolumn=\count136
\pgf@matrix@numberofcolumns=\count137
)
\tikz@expandcount=\count138

(/usr/local/texlive/2016/texmf-dist/tex/generic/pgf/frontendlayer/tikz/librarie
s/tikzlibrarytopaths.code.tex
File: tikzlibrarytopaths.code.tex 2008/06/17 v3.0.1a (rcs-revision 1.2)
)))
(/usr/local/texlive/2016/texmf-dist/tex/generic/pgf/frontendlayer/tikz/librarie
s/tikzlibrarypositioning.code.tex
File: tikzlibrarypositioning.code.tex 2008/10/06 v3.0.1a (rcs-revision 1.7)
)
(/usr/local/texlive/2016/texmf-dist/tex/latex/tools/calc.sty
Package: calc 2014/10/28 v4.3 Infix arithmetic (KKT,FJ)
\calc@Acount=\count139
\calc@Bcount=\count140
\calc@Adimen=\dimen173
\calc@Bdimen=\dimen174
\calc@Askip=\skip76
\calc@Bskip=\skip77
LaTeX Info: Redefining \setlength on input line 80.
LaTeX Info: Redefining \addtolength on input line 81.
\calc@Ccount=\count141
\calc@Cskip=\skip78
)
\c@@todonotes@numberoftodonotes=\count142
)
(/usr/local/texlive/2016/texmf-dist/tex/latex/appendix/appendix.sty
Package: appendix 2009/09/02 v1.2b extra appendix facilities
\c@@pps=\count143
\c@@ppsavesec=\count144
\c@@ppsaveapp=\count145
)
(/usr/local/texlive/2016/texmf-dist/tex/latex/hyperref/hyperref.sty
Package: hyperref 2016/05/05 v6.83n Hypertext links for LaTeX

(/usr/local/texlive/2016/texmf-dist/tex/generic/oberdiek/hobsub-hyperref.sty
Package: hobsub-hyperref 2016/05/16 v1.14 Bundle oberdiek, subset hyperref (HO)


(/usr/local/texlive/2016/texmf-dist/tex/generic/oberdiek/hobsub-generic.sty
Package: hobsub-generic 2016/05/16 v1.14 Bundle oberdiek, subset generic (HO)
Package: hobsub 2016/05/16 v1.14 Construct package bundles (HO)
Package hobsub Info: Skipping package `infwarerr' (already loaded).
Package hobsub Info: Skipping package `ltxcmds' (already loaded).
Package: ifluatex 2016/05/16 v1.4 Provides the ifluatex switch (HO)
Package ifluatex Info: LuaTeX not detected.
Package: ifvtex 2016/05/16 v1.6 Detect VTeX and its facilities (HO)
Package ifvtex Info: VTeX not detected.
Package: intcalc 2016/05/16 v1.2 Expandable calculations with integers (HO)
Package: ifpdf 2016/05/14 v3.1 Provides the ifpdf switch
Package: etexcmds 2016/05/16 v1.6 Avoid name clashes with e-TeX commands (HO)
Package etexcmds Info: Could not find \expanded.
(etexcmds)             That can mean that you are not using pdfTeX 1.50 or
(etexcmds)             that some package has redefined \expanded.
(etexcmds)             In the latter case, load this package earlier.
Package: kvsetkeys 2016/05/16 v1.17 Key value parser (HO)
Package: kvdefinekeys 2016/05/16 v1.4 Define keys (HO)
Package: pdftexcmds 2016/05/10 v0.21 Utility functions of pdfTeX for LuaTeX (HO
)
Package pdftexcmds Info: LuaTeX not detected.
Package pdftexcmds Info: \pdf@primitive is available.
Package pdftexcmds Info: \pdf@ifprimitive is available.
Package pdftexcmds Info: \pdfdraftmode found.
Package: pdfescape 2016/05/16 v1.14 Implements pdfTeX's escape features (HO)
Package: bigintcalc 2016/05/16 v1.4 Expandable calculations on big integers (HO
)
Package: bitset 2016/05/16 v1.2 Handle bit-vector datatype (HO)
Package: uniquecounter 2016/05/16 v1.3 Provide unlimited unique counter (HO)
)
Package hobsub Info: Skipping package `hobsub' (already loaded).
Package: letltxmacro 2016/05/16 v1.5 Let assignment for LaTeX macros (HO)
Package: hopatch 2016/05/16 v1.3 Wrapper for package hooks (HO)
Package: xcolor-patch 2016/05/16 xcolor patch
Package: atveryend 2016/05/16 v1.9 Hooks at the very end of document (HO)
Package atveryend Info: \enddocument detected (standard20110627).
Package: atbegshi 2016/05/16 v1.17 At begin shipout hook (HO)
Package: refcount 2016/05/16 v3.5 Data extraction from label references (HO)
Package: hycolor 2016/05/16 v1.8 Color options for hyperref/bookmark (HO)
)
(/usr/local/texlive/2016/texmf-dist/tex/generic/ifxetex/ifxetex.sty
Package: ifxetex 2010/09/12 v0.6 Provides ifxetex conditional
)
(/usr/local/texlive/2016/texmf-dist/tex/latex/oberdiek/auxhook.sty
Package: auxhook 2016/05/16 v1.4 Hooks for auxiliary files (HO)
)
(/usr/local/texlive/2016/texmf-dist/tex/latex/oberdiek/kvoptions.sty
Package: kvoptions 2016/05/16 v3.12 Key value format for package options (HO)
)
\@linkdim=\dimen175
\Hy@linkcounter=\count146
\Hy@pagecounter=\count147

(/usr/local/texlive/2016/texmf-dist/tex/latex/hyperref/pd1enc.def
File: pd1enc.def 2016/05/05 v6.83n Hyperref: PDFDocEncoding definition (HO)
Now handling font encoding PD1 ...
... no UTF-8 mapping file for font encoding PD1
)
\Hy@SavedSpaceFactor=\count148

(/usr/local/texlive/2016/texmf-dist/tex/latex/latexconfig/hyperref.cfg
File: hyperref.cfg 2002/06/06 v1.2 hyperref configuration of TeXLive
)
Package hyperref Info: Hyper figures OFF on input line 4446.
Package hyperref Info: Link nesting OFF on input line 4451.
Package hyperref Info: Hyper index ON on input line 4454.
Package hyperref Info: Plain pages OFF on input line 4461.
Package hyperref Info: Backreferencing OFF on input line 4466.
Package hyperref Info: Implicit mode ON; LaTeX internals redefined.
Package hyperref Info: Bookmarks ON on input line 4691.
\c@Hy@tempcnt=\count149

(/usr/local/texlive/2016/texmf-dist/tex/latex/url/url.sty
\Urlmuskip=\muskip11
Package: url 2013/09/16  ver 3.4  Verb mode for urls, etc.
)
LaTeX Info: Redefining \url on input line 5044.
\XeTeXLinkMargin=\dimen176
\Fld@menulength=\count150
\Field@Width=\dimen177
\Fld@charsize=\dimen178
Package hyperref Info: Hyper figures OFF on input line 6298.
Package hyperref Info: Link nesting OFF on input line 6303.
Package hyperref Info: Hyper index ON on input line 6306.
Package hyperref Info: backreferencing OFF on input line 6313.
Package hyperref Info: Link coloring OFF on input line 6318.
Package hyperref Info: Link coloring with OCG OFF on input line 6323.
Package hyperref Info: PDF/A mode OFF on input line 6328.
LaTeX Info: Redefining \ref on input line 6368.
LaTeX Info: Redefining \pageref on input line 6372.
\Hy@abspage=\count151
\c@Item=\count152
\c@Hfootnote=\count153
)

Package hyperref Message: Driver (autodetected): hpdftex.

(/usr/local/texlive/2016/texmf-dist/tex/latex/hyperref/hpdftex.def
File: hpdftex.def 2016/05/05 v6.83n Hyperref driver for pdfTeX
\Fld@listcount=\count154
\c@bookmark@seq@number=\count155

(/usr/local/texlive/2016/texmf-dist/tex/latex/oberdiek/rerunfilecheck.sty
Package: rerunfilecheck 2016/05/16 v1.8 Rerun checks for auxiliary files (HO)
Package uniquecounter Info: New unique counter `rerunfilecheck' on input line 2
82.
)
\Hy@SectionHShift=\skip79
)
(/usr/local/texlive/2016/texmf-dist/tex/latex/placeins/placeins.sty
Package: placeins 2005/04/18  v 2.2
)
(/usr/local/texlive/2016/texmf-dist/tex/latex/cleveref/cleveref.sty
Package: cleveref 2013/12/28 v0.19 Intelligent cross-referencing
Package cleveref Info: `hyperref' support loaded on input line 2230.
LaTeX Info: Redefining \cref on input line 2230.
LaTeX Info: Redefining \Cref on input line 2230.
LaTeX Info: Redefining \crefrange on input line 2230.
LaTeX Info: Redefining \Crefrange on input line 2230.
LaTeX Info: Redefining \cpageref on input line 2230.
LaTeX Info: Redefining \Cpageref on input line 2230.
LaTeX Info: Redefining \cpagerefrange on input line 2230.
LaTeX Info: Redefining \Cpagerefrange on input line 2230.
LaTeX Info: Redefining \labelcref on input line 2230.
LaTeX Info: Redefining \labelcpageref on input line 2230.
Package cleveref Info: `subfig' support loaded on input line 2983.
)
(/usr/local/texlive/2016/texmf-dist/tex/latex/multirow/multirow.sty
\bigstrutjot=\dimen179
)
(/usr/local/texlive/2016/texmf-dist/tex/latex/tools/longtable.sty
Package: longtable 2014/10/28 v4.11 Multi-page Table package (DPC)
\LTleft=\skip80
\LTright=\skip81
\LTpre=\skip82
\LTpost=\skip83
\LTchunksize=\count156
\LTcapwidth=\dimen180
\LT@head=\box42
\LT@firsthead=\box43
\LT@foot=\box44
\LT@lastfoot=\box45
\LT@cols=\count157
\LT@rows=\count158
\c@LT@tables=\count159
\c@LT@chunks=\count160
\LT@p@ftn=\toks39
)
(/usr/local/texlive/2016/texmf-dist/tex/latex/pdfpages/pdfpages.sty
Package: pdfpages 2016/04/19 v0.5f Insert pages of external PDF documents (AM)

(/usr/local/texlive/2016/texmf-dist/tex/latex/eso-pic/eso-pic.sty
Package: eso-pic 2015/07/21 v2.0g eso-pic (RN)
)
\AM@pagewidth=\dimen181
\AM@pageheight=\dimen182

(/usr/local/texlive/2016/texmf-dist/tex/latex/pdfpages/pppdftex.def
File: pppdftex.def 2016/04/19 v0.5f Pdfpages driver for pdfTeX (AM)
)
\AM@pagebox=\box46
\AM@global@opts=\toks40
\AM@toc@title=\toks41
\c@AM@survey=\count161
\AM@templatesizebox=\box47
)
(/usr/local/texlive/2016/texmf-dist/tex/latex/adjustbox/adjustbox.sty
Package: adjustbox 2012/05/21 v1.0 Adjusting TeX boxes (trim, clip, ...)

(/usr/local/texlive/2016/texmf-dist/tex/latex/adjustbox/adjcalc.sty
Package: adjcalc 2012/05/16 v1.1 Provides advanced setlength with multiple back
-ends (calc, etex, pgfmath)
)
(/usr/local/texlive/2016/texmf-dist/tex/latex/adjustbox/trimclip.sty
Package: trimclip 2012/05/16 v1.0 Trim and clip general TeX material

(/usr/local/texlive/2016/texmf-dist/tex/latex/collectbox/collectbox.sty
Package: collectbox 2012/05/17 v0.4b Collect macro arguments as boxes
\collectedbox=\box48
)
\tc@llx=\dimen183
\tc@lly=\dimen184
\tc@urx=\dimen185
\tc@ury=\dimen186
Package trimclip Info: Using driver 'tc-pdftex.def'.

(/usr/local/texlive/2016/texmf-dist/tex/latex/adjustbox/tc-pdftex.def
File: tc-pdftex.def 2012/05/13 v1.0 Clipping driver for pdftex
))
\adjbox@Width=\dimen187
\adjbox@Height=\dimen188
\adjbox@Depth=\dimen189
\adjbox@Totalheight=\dimen190

(/usr/local/texlive/2016/texmf-dist/tex/latex/ifoddpage/ifoddpage.sty
Package: ifoddpage 2016/04/23 v1.1 Conditionals for odd/even page detection
\c@checkoddpage=\count162
)
(/usr/local/texlive/2016/texmf-dist/tex/latex/varwidth/varwidth.sty
Package: varwidth 2009/03/30 ver 0.92;  Variable-width minipages
\@vwid@box=\box49
\sift@deathcycles=\count163
\@vwid@loff=\dimen191
\@vwid@roff=\dimen192
))
\figwidth=\skip84
\qfigheight=\skip85
\hfigheight=\skip86

(./G12TrackNormalizationProcedure.aux)
\openout1 = `G12TrackNormalizationProcedure.aux'.

LaTeX Font Info:    Checking defaults for OML/cmm/m/it on input line 66.
LaTeX Font Info:    ... okay on input line 66.
LaTeX Font Info:    Checking defaults for T1/cmr/m/n on input line 66.
LaTeX Font Info:    ... okay on input line 66.
LaTeX Font Info:    Checking defaults for OT1/cmr/m/n on input line 66.
LaTeX Font Info:    ... okay on input line 66.
LaTeX Font Info:    Checking defaults for OMS/cmsy/m/n on input line 66.
LaTeX Font Info:    ... okay on input line 66.
LaTeX Font Info:    Checking defaults for OMX/cmex/m/n on input line 66.
LaTeX Font Info:    ... okay on input line 66.
LaTeX Font Info:    Checking defaults for U/cmr/m/n on input line 66.
LaTeX Font Info:    ... okay on input line 66.
LaTeX Font Info:    Checking defaults for PD1/pdf/m/n on input line 66.
LaTeX Font Info:    ... okay on input line 66.
Package caption Info: Begin \AtBeginDocument code.
Package caption Info: subfig package v1.3 is loaded.
Package caption Info: floatrow package is loaded.
Package caption Info: float package is loaded.
Package caption Info: floatrow package is loaded.
Package caption Info: hyperref package is loaded.
Package caption Info: longtable package is loaded.

(/usr/local/texlive/2016/texmf-dist/tex/latex/caption/ltcaption.sty
Package: ltcaption 2013/06/09 v1.4-94 longtable captions (AR)
)
Package caption Info: End \AtBeginDocument code.

(/usr/local/texlive/2016/texmf-dist/tex/latex/floatrow/fr-subfig.sty
Package: fr-subfig 2007/12/24 v0.1g (beta) floatrow: additions for subfig
\FBsc@max=\skip87
\FBso@max=\skip88
)
(/usr/local/texlive/2016/texmf-dist/tex/latex/floatrow/fr-longtable.sty
Package: fr-longtable 2007/11/28 v0.1b (beta) floatrow: additions for longtable

\flrow@LT@lasthead=\box50
\flrow@LT@prelastfoot=\box51
\c@FBLTpage=\count164
)
(/usr/local/texlive/2016/texmf-dist/tex/context/base/mkii/supp-pdf.mkii
[Loading MPS to PDF converter (version 2006.09.02).]
\scratchcounter=\count165
\scratchdimen=\dimen193
\scratchbox=\box52
\nofMPsegments=\count166
\nofMParguments=\count167
\everyMPshowfont=\toks42
\MPscratchCnt=\count168
\MPscratchDim=\dimen194
\MPnumerator=\count169
\makeMPintoPDFobject=\count170
\everyMPtoPDFconversion=\toks43
) (/usr/local/texlive/2016/texmf-dist/tex/latex/oberdiek/epstopdf-base.sty
Package: epstopdf-base 2016/05/15 v2.6 Base part for package epstopdf

(/usr/local/texlive/2016/texmf-dist/tex/latex/oberdiek/grfext.sty
Package: grfext 2016/05/16 v1.2 Manage graphics extensions (HO)
)
Package grfext Info: Graphics extension search list:
(grfext)             [.png,.pdf,.jpg,.mps,.jpeg,.jbig2,.jb2,.PNG,.PDF,.JPG,.JPE
G,.JBIG2,.JB2,.eps]
(grfext)             \AppendGraphicsExtensions on input line 456.

(/usr/local/texlive/2016/texmf-dist/tex/latex/latexconfig/epstopdf-sys.cfg
File: epstopdf-sys.cfg 2010/07/13 v1.3 Configuration of (r)epstopdf for TeX Liv
e
))
ABD: EveryShipout initializing macros
\AtBeginShipoutBox=\box53
Package hyperref Info: Link coloring OFF on input line 66.

(/usr/local/texlive/2016/texmf-dist/tex/latex/hyperref/nameref.sty
Package: nameref 2012/10/27 v2.43 Cross-referencing by name of section

(/usr/local/texlive/2016/texmf-dist/tex/generic/oberdiek/gettitlestring.sty
Package: gettitlestring 2016/05/16 v1.5 Cleanup title references (HO)
)
\c@section@level=\count171
)
LaTeX Info: Redefining \ref on input line 66.
LaTeX Info: Redefining \pageref on input line 66.
LaTeX Info: Redefining \nameref on input line 66.

(./G12TrackNormalizationProcedure.out) (./G12TrackNormalizationProcedure.out)
\@outlinefile=\write4
\openout4 = `G12TrackNormalizationProcedure.out'.


(/usr/local/texlive/2016/texmf-dist/tex/latex/oberdiek/pdflscape.sty
Package: pdflscape 2016/05/14 v0.11 Display of landscape pages in PDF (HO)

(/usr/local/texlive/2016/texmf-dist/tex/latex/graphics/lscape.sty
Package: lscape 2000/10/22 v3.01 Landscape Pages (DPC)
)
Package pdflscape Info: Auto-detected driver: pdftex on input line 81.
)
LaTeX Font Info:    Try loading font information for U+msa on input line 70.

(/usr/local/texlive/2016/texmf-dist/tex/latex/amsfonts/umsa.fd
File: umsa.fd 2013/01/14 v3.01 AMS symbols A
)
LaTeX Font Info:    Try loading font information for U+msb on input line 70.

(/usr/local/texlive/2016/texmf-dist/tex/latex/amsfonts/umsb.fd
File: umsb.fd 2013/01/14 v3.01 AMS symbols B
)
LaTeX Font Info:    Try loading font information for T1+cmtt on input line 72.

(/usr/local/texlive/2016/texmf-dist/tex/latex/base/t1cmtt.fd
File: t1cmtt.fd 2014/09/29 v2.5h Standard LaTeX font definitions
)
(/Users/michaelkunkel/WORK/GIT_HUB/Pi0_Papers/ANALYSIS_NOTE/tables/eff_stats.te
x
Overfull \hbox (27.34753pt too wide) in paragraph at lines 8--18
 [] 
 []

)

LaTeX Warning: `!h' float specifier changed to `!ht'.

[1

{/usr/local/texlive/2016/texmf-var/fonts/map/pdftex/updmap/pdftex.map}]
</Users/michaelkunkel/WORK/GIT_HUB/THESIS/figures/print/analysis/EFFICIENCY/All
_Pull_Eff_Plot.pdf, id=57, 569.12625pt x 385.44pt>
File: /Users/michaelkunkel/WORK/GIT_HUB/THESIS/figures/print/analysis/EFFICIENC
Y/All_Pull_Eff_Plot.pdf Graphic file (type pdf)

<use /Users/michaelkunkel/WORK/GIT_HUB/THESIS/figures/print/analysis/EFFICIENCY
/All_Pull_Eff_Plot.pdf>
Package pdftex.def Info: /Users/michaelkunkel/WORK/GIT_HUB/THESIS/figures/print
/analysis/EFFICIENCY/All_Pull_Eff_Plot.pdf used on input line 84.
(pdftex.def)             Requested size: 356.41513pt x 297.90129pt.

</Users/michaelkunkel/WORK/GIT_HUB/THESIS/figures/print/analysis/EFFICIENCY/All
_Pull_Eff_PlotMC.pdf, id=58, 569.12625pt x 385.44pt>
File: /Users/michaelkunkel/WORK/GIT_HUB/THESIS/figures/print/analysis/EFFICIENC
Y/All_Pull_Eff_PlotMC.pdf Graphic file (type pdf)

<use /Users/michaelkunkel/WORK/GIT_HUB/THESIS/figures/print/analysis/EFFICIENCY
/All_Pull_Eff_PlotMC.pdf>
Package pdftex.def Info: /Users/michaelkunkel/WORK/GIT_HUB/THESIS/figures/print
/analysis/EFFICIENCY/All_Pull_Eff_PlotMC.pdf used on input line 88.
(pdftex.def)             Requested size: 356.41513pt x 297.90129pt.


LaTeX Warning: `!h' float specifier changed to `!ht'.


(/Users/michaelkunkel/WORK/GIT_HUB/Pi0_Papers/ANALYSIS_NOTE/tables/eff_binning.
tex [2 </Users/michaelkunkel/WORK/GIT_HUB/THESIS/figures/print/analysis/EFFICIE
NCY/All_Pull_Eff_Plot.pdf, page is rotated 90 degrees>]

LaTeX Warning: Command \textless invalid in math mode on input line 96.


LaTeX Warning: Command \textless invalid in math mode on input line 96.


LaTeX Warning: `!h' float specifier changed to `!ht'.

) [3 </Users/michaelkunkel/WORK/GIT_HUB/THESIS/figures/print/analysis/EFFICIENC
Y/All_Pull_Eff_PlotMC.pdf, page is rotated 90 degrees>] [4]
</Users/michaelkunkel/WORK/GIT_HUB/THESIS/figures/print/analysis/EFFICIENCY/Pro
t_Thesis_EffData_Plot.pdf, id=197, 569.12625pt x 385.44pt>
File: /Users/michaelkunkel/WORK/GIT_HUB/THESIS/figures/print/analysis/EFFICIENC
Y/Prot_Thesis_EffData_Plot.pdf Graphic file (type pdf)

<use /Users/michaelkunkel/WORK/GIT_HUB/THESIS/figures/print/analysis/EFFICIENCY
/Prot_Thesis_EffData_Plot.pdf>
Package pdftex.def Info: /Users/michaelkunkel/WORK/GIT_HUB/THESIS/figures/print
/analysis/EFFICIENCY/Prot_Thesis_EffData_Plot.pdf used on input line 120.
(pdftex.def)             Requested size: 356.41513pt x 297.90129pt.


LaTeX Warning: Command \textless invalid in math mode on input line 121.


LaTeX Warning: Command \textless invalid in math mode on input line 121.


LaTeX Warning: Command \textless invalid in math mode on input line 121.


LaTeX Warning: Command \textless invalid in math mode on input line 121.


LaTeX Warning: Command \textless invalid in math mode on input line 121.


LaTeX Warning: Command \textless invalid in math mode on input line 121.


LaTeX Warning: Command \textless invalid in math mode on input line 121.


LaTeX Warning: Command \textless invalid in math mode on input line 121.


</Users/michaelkunkel/WORK/GIT_HUB/THESIS/figures/print/analysis/EFFICIENCY/Pro
t_Thesis_EffMC_Plot.pdf, id=198, 569.12625pt x 385.44pt>
File: /Users/michaelkunkel/WORK/GIT_HUB/THESIS/figures/print/analysis/EFFICIENC
Y/Prot_Thesis_EffMC_Plot.pdf Graphic file (type pdf)

<use /Users/michaelkunkel/WORK/GIT_HUB/THESIS/figures/print/analysis/EFFICIENCY
/Prot_Thesis_EffMC_Plot.pdf>
Package pdftex.def Info: /Users/michaelkunkel/WORK/GIT_HUB/THESIS/figures/print
/analysis/EFFICIENCY/Prot_Thesis_EffMC_Plot.pdf used on input line 125.
(pdftex.def)             Requested size: 356.41513pt x 297.90129pt.


LaTeX Warning: Command \textless invalid in math mode on input line 126.


LaTeX Warning: Command \textless invalid in math mode on input line 126.


LaTeX Warning: Command \textless invalid in math mode on input line 126.


LaTeX Warning: Command \textless invalid in math mode on input line 126.


LaTeX Warning: Command \textless invalid in math mode on input line 126.


LaTeX Warning: Command \textless invalid in math mode on input line 126.


LaTeX Warning: Command \textless invalid in math mode on input line 126.


LaTeX Warning: Command \textless invalid in math mode on input line 126.


LaTeX Warning: `!h' float specifier changed to `!ht'.


</Users/michaelkunkel/WORK/GIT_HUB/THESIS/figures/print/analysis/EFFICIENCY/Pro
t_Thesis_TotEff_Plot.pdf, id=199, 569.12625pt x 385.44pt>
File: /Users/michaelkunkel/WORK/GIT_HUB/THESIS/figures/print/analysis/EFFICIENC
Y/Prot_Thesis_TotEff_Plot.pdf Graphic file (type pdf)

<use /Users/michaelkunkel/WORK/GIT_HUB/THESIS/figures/print/analysis/EFFICIENCY
/Prot_Thesis_TotEff_Plot.pdf>
Package pdftex.def Info: /Users/michaelkunkel/WORK/GIT_HUB/THESIS/figures/print
/analysis/EFFICIENCY/Prot_Thesis_TotEff_Plot.pdf used on input line 130.
(pdftex.def)             Requested size: 356.41513pt x 297.90129pt.


LaTeX Warning: Command \textless invalid in math mode on input line 131.


LaTeX Warning: Command \textless invalid in math mode on input line 131.


LaTeX Warning: Command \textless invalid in math mode on input line 131.


LaTeX Warning: Command \textless invalid in math mode on input line 131.


LaTeX Warning: Command \textless invalid in math mode on input line 131.


LaTeX Warning: Command \textless invalid in math mode on input line 131.


LaTeX Warning: Command \textless invalid in math mode on input line 131.


LaTeX Warning: Command \textless invalid in math mode on input line 131.


LaTeX Warning: `!h' float specifier changed to `!ht'.


</Users/michaelkunkel/WORK/GIT_HUB/THESIS/figures/print/analysis/EFFICIENCY/Pip
_Thesis_EffData_Plot.pdf, id=200, 569.12625pt x 385.44pt>
File: /Users/michaelkunkel/WORK/GIT_HUB/THESIS/figures/print/analysis/EFFICIENC
Y/Pip_Thesis_EffData_Plot.pdf Graphic file (type pdf)

<use /Users/michaelkunkel/WORK/GIT_HUB/THESIS/figures/print/analysis/EFFICIENCY
/Pip_Thesis_EffData_Plot.pdf>
Package pdftex.def Info: /Users/michaelkunkel/WORK/GIT_HUB/THESIS/figures/print
/analysis/EFFICIENCY/Pip_Thesis_EffData_Plot.pdf used on input line 135.
(pdftex.def)             Requested size: 356.41513pt x 297.90129pt.


LaTeX Warning: Command \textless invalid in math mode on input line 136.


LaTeX Warning: Command \textless invalid in math mode on input line 136.


LaTeX Warning: Command \textless invalid in math mode on input line 136.


LaTeX Warning: Command \textless invalid in math mode on input line 136.


LaTeX Warning: Command \textless invalid in math mode on input line 136.


LaTeX Warning: Command \textless invalid in math mode on input line 136.


LaTeX Warning: Command \textless invalid in math mode on input line 136.


LaTeX Warning: Command \textless invalid in math mode on input line 136.


LaTeX Warning: `!h' float specifier changed to `!ht'.


</Users/michaelkunkel/WORK/GIT_HUB/THESIS/figures/print/analysis/EFFICIENCY/Pip
_Thesis_EffMC_Plot.pdf, id=201, 569.12625pt x 385.44pt>
File: /Users/michaelkunkel/WORK/GIT_HUB/THESIS/figures/print/analysis/EFFICIENC
Y/Pip_Thesis_EffMC_Plot.pdf Graphic file (type pdf)

<use /Users/michaelkunkel/WORK/GIT_HUB/THESIS/figures/print/analysis/EFFICIENCY
/Pip_Thesis_EffMC_Plot.pdf>
Package pdftex.def Info: /Users/michaelkunkel/WORK/GIT_HUB/THESIS/figures/print
/analysis/EFFICIENCY/Pip_Thesis_EffMC_Plot.pdf used on input line 140.
(pdftex.def)             Requested size: 356.41513pt x 297.90129pt.


LaTeX Warning: Command \textless invalid in math mode on input line 141.


LaTeX Warning: Command \textless invalid in math mode on input line 141.


LaTeX Warning: Command \textless invalid in math mode on input line 141.


LaTeX Warning: Command \textless invalid in math mode on input line 141.


LaTeX Warning: Command \textless invalid in math mode on input line 141.


LaTeX Warning: Command \textless invalid in math mode on input line 141.


LaTeX Warning: Command \textless invalid in math mode on input line 141.


LaTeX Warning: Command \textless invalid in math mode on input line 141.


LaTeX Warning: `!h' float specifier changed to `!ht'.


</Users/michaelkunkel/WORK/GIT_HUB/THESIS/figures/print/analysis/EFFICIENCY/Pip
_Thesis_TotEff_Plot.pdf, id=202, 569.12625pt x 385.44pt>
File: /Users/michaelkunkel/WORK/GIT_HUB/THESIS/figures/print/analysis/EFFICIENC
Y/Pip_Thesis_TotEff_Plot.pdf Graphic file (type pdf)

<use /Users/michaelkunkel/WORK/GIT_HUB/THESIS/figures/print/analysis/EFFICIENCY
/Pip_Thesis_TotEff_Plot.pdf>
Package pdftex.def Info: /Users/michaelkunkel/WORK/GIT_HUB/THESIS/figures/print
/analysis/EFFICIENCY/Pip_Thesis_TotEff_Plot.pdf used on input line 145.
(pdftex.def)             Requested size: 356.41513pt x 297.90129pt.


LaTeX Warning: Command \textless invalid in math mode on input line 146.


LaTeX Warning: Command \textless invalid in math mode on input line 146.


LaTeX Warning: Command \textless invalid in math mode on input line 146.


LaTeX Warning: Command \textless invalid in math mode on input line 146.


LaTeX Warning: Command \textless invalid in math mode on input line 146.


LaTeX Warning: Command \textless invalid in math mode on input line 146.


LaTeX Warning: Command \textless invalid in math mode on input line 146.


LaTeX Warning: Command \textless invalid in math mode on input line 146.


LaTeX Warning: `!h' float specifier changed to `!ht'.


</Users/michaelkunkel/WORK/GIT_HUB/THESIS/figures/print/analysis/EFFICIENCY/Pim
_Thesis_EffData_Plot.pdf, id=203, 569.12625pt x 385.44pt>
File: /Users/michaelkunkel/WORK/GIT_HUB/THESIS/figures/print/analysis/EFFICIENC
Y/Pim_Thesis_EffData_Plot.pdf Graphic file (type pdf)

<use /Users/michaelkunkel/WORK/GIT_HUB/THESIS/figures/print/analysis/EFFICIENCY
/Pim_Thesis_EffData_Plot.pdf>
Package pdftex.def Info: /Users/michaelkunkel/WORK/GIT_HUB/THESIS/figures/print
/analysis/EFFICIENCY/Pim_Thesis_EffData_Plot.pdf used on input line 150.
(pdftex.def)             Requested size: 356.41513pt x 297.90129pt.


LaTeX Warning: Command \textless invalid in math mode on input line 151.


LaTeX Warning: Command \textless invalid in math mode on input line 151.


LaTeX Warning: Command \textless invalid in math mode on input line 151.


LaTeX Warning: Command \textless invalid in math mode on input line 151.


LaTeX Warning: Command \textless invalid in math mode on input line 151.


LaTeX Warning: Command \textless invalid in math mode on input line 151.


LaTeX Warning: Command \textless invalid in math mode on input line 151.


LaTeX Warning: Command \textless invalid in math mode on input line 151.


LaTeX Warning: `!h' float specifier changed to `!ht'.


</Users/michaelkunkel/WORK/GIT_HUB/THESIS/figures/print/analysis/EFFICIENCY/Pim
_Thesis_EffMC_Plot.pdf, id=204, 569.12625pt x 385.44pt>
File: /Users/michaelkunkel/WORK/GIT_HUB/THESIS/figures/print/analysis/EFFICIENC
Y/Pim_Thesis_EffMC_Plot.pdf Graphic file (type pdf)

<use /Users/michaelkunkel/WORK/GIT_HUB/THESIS/figures/print/analysis/EFFICIENCY
/Pim_Thesis_EffMC_Plot.pdf>
Package pdftex.def Info: /Users/michaelkunkel/WORK/GIT_HUB/THESIS/figures/print
/analysis/EFFICIENCY/Pim_Thesis_EffMC_Plot.pdf used on input line 155.
(pdftex.def)             Requested size: 356.41513pt x 297.90129pt.


LaTeX Warning: Command \textless invalid in math mode on input line 156.


LaTeX Warning: Command \textless invalid in math mode on input line 156.


LaTeX Warning: Command \textless invalid in math mode on input line 156.


LaTeX Warning: Command \textless invalid in math mode on input line 156.


LaTeX Warning: Command \textless invalid in math mode on input line 156.


LaTeX Warning: Command \textless invalid in math mode on input line 156.


LaTeX Warning: Command \textless invalid in math mode on input line 156.


LaTeX Warning: Command \textless invalid in math mode on input line 156.


LaTeX Warning: `!h' float specifier changed to `!ht'.


</Users/michaelkunkel/WORK/GIT_HUB/THESIS/figures/print/analysis/EFFICIENCY/Pim
_Thesis_TotEff_Plot.pdf, id=205, 569.12625pt x 385.44pt>
File: /Users/michaelkunkel/WORK/GIT_HUB/THESIS/figures/print/analysis/EFFICIENC
Y/Pim_Thesis_TotEff_Plot.pdf Graphic file (type pdf)

<use /Users/michaelkunkel/WORK/GIT_HUB/THESIS/figures/print/analysis/EFFICIENCY
/Pim_Thesis_TotEff_Plot.pdf>
Package pdftex.def Info: /Users/michaelkunkel/WORK/GIT_HUB/THESIS/figures/print
/analysis/EFFICIENCY/Pim_Thesis_TotEff_Plot.pdf used on input line 160.
(pdftex.def)             Requested size: 356.41513pt x 297.90129pt.


LaTeX Warning: Command \textless invalid in math mode on input line 161.


LaTeX Warning: Command \textless invalid in math mode on input line 161.


LaTeX Warning: Command \textless invalid in math mode on input line 161.


LaTeX Warning: Command \textless invalid in math mode on input line 161.


LaTeX Warning: Command \textless invalid in math mode on input line 161.


LaTeX Warning: Command \textless invalid in math mode on input line 161.


LaTeX Warning: Command \textless invalid in math mode on input line 161.


LaTeX Warning: Command \textless invalid in math mode on input line 161.


LaTeX Warning: `!h' float specifier changed to `!ht'.

[5 </Users/michaelkunkel/WORK/GIT_HUB/THESIS/figures/print/analysis/EFFICIENCY/
Prot_Thesis_EffData_Plot.pdf, page is rotated 90 degrees>] [6 </Users/michaelku
nkel/WORK/GIT_HUB/THESIS/figures/print/analysis/EFFICIENCY/Prot_Thesis_EffMC_Pl
ot.pdf, page is rotated 90 degrees>] [7 </Users/michaelkunkel/WORK/GIT_HUB/THES
IS/figures/print/analysis/EFFICIENCY/Prot_Thesis_TotEff_Plot.pdf, page is rotat
ed 90 degrees>] [8 </Users/michaelkunkel/WORK/GIT_HUB/THESIS/figures/print/anal
ysis/EFFICIENCY/Pip_Thesis_EffData_Plot.pdf, page is rotated 90 degrees>]
[9 </Users/michaelkunkel/WORK/GIT_HUB/THESIS/figures/print/analysis/EFFICIENCY/
Pip_Thesis_EffMC_Plot.pdf, page is rotated 90 degrees>] [10 </Users/michaelkunk
el/WORK/GIT_HUB/THESIS/figures/print/analysis/EFFICIENCY/Pip_Thesis_TotEff_Plot
.pdf, page is rotated 90 degrees>] [11 </Users/michaelkunkel/WORK/GIT_HUB/THESI
S/figures/print/analysis/EFFICIENCY/Pim_Thesis_EffData_Plot.pdf, page is rotate
d 90 degrees>] [12 </Users/michaelkunkel/WORK/GIT_HUB/THESIS/figures/print/anal
ysis/EFFICIENCY/Pim_Thesis_EffMC_Plot.pdf, page is rotated 90 degrees>]
[13 </Users/michaelkunkel/WORK/GIT_HUB/THESIS/figures/print/analysis/EFFICIENCY
/Pim_Thesis_TotEff_Plot.pdf, page is rotated 90 degrees>]
</Users/michaelkunkel/WORK/GIT_HUB/THESIS/figures/print/analysis/EFFICIENCY/G12
_XSection_Normaization_Compare_thesisI.pdf, id=640, 569.12625pt x 367.3725pt>
File: /Users/michaelkunkel/WORK/GIT_HUB/THESIS/figures/print/analysis/EFFICIENC
Y/G12_XSection_Normaization_Compare_thesisI.pdf Graphic file (type pdf)

<use /Users/michaelkunkel/WORK/GIT_HUB/THESIS/figures/print/analysis/EFFICIENCY
/G12_XSection_Normaization_Compare_thesisI.pdf>
Package pdftex.def Info: /Users/michaelkunkel/WORK/GIT_HUB/THESIS/figures/print
/analysis/EFFICIENCY/G12_XSection_Normaization_Compare_thesisI.pdf used on inpu
t line 169.
(pdftex.def)             Requested size: 356.41513pt x 297.91763pt.

</Users/michaelkunkel/WORK/GIT_HUB/THESIS/figures/print/analysis/EFFICIENCY/G12
_XSection_Normaization_Compare_thesisII.pdf, id=641, 569.12625pt x 367.3725pt>
File: /Users/michaelkunkel/WORK/GIT_HUB/THESIS/figures/print/analysis/EFFICIENC
Y/G12_XSection_Normaization_Compare_thesisII.pdf Graphic file (type pdf)

<use /Users/michaelkunkel/WORK/GIT_HUB/THESIS/figures/print/analysis/EFFICIENCY
/G12_XSection_Normaization_Compare_thesisII.pdf>
Package pdftex.def Info: /Users/michaelkunkel/WORK/GIT_HUB/THESIS/figures/print
/analysis/EFFICIENCY/G12_XSection_Normaization_Compare_thesisII.pdf used on inp
ut line 174.
(pdftex.def)             Requested size: 356.41513pt x 297.91763pt.


LaTeX Warning: `!h' float specifier changed to `!ht'.

[14

 </Users/michaelkunkel/WORK/GIT_HUB/THESIS/figures/print/analysis/EFFICIENCY/G1
2_XSection_Normaization_Compare_thesisI.pdf, page is rotated 90 degrees>]
(/Users/michaelkunkel/WORK/GIT_HUB/Pi0_Papers/ANALYSIS_NOTE/RESULTS/systematic_
trackEfficiency.tex
</Users/michaelkunkel/WORK/GIT_HUB/Pi0_Papers/ANALYSIS_NOTE/RESULTS/NewEffPlot.
pdf, id=694, 569.12625pt x 368.37625pt>
File: /Users/michaelkunkel/WORK/GIT_HUB/Pi0_Papers/ANALYSIS_NOTE/RESULTS/NewEff
Plot.pdf Graphic file (type pdf)

<use /Users/michaelkunkel/WORK/GIT_HUB/Pi0_Papers/ANALYSIS_NOTE/RESULTS/NewEffP
lot.pdf>
Package pdftex.def Info: /Users/michaelkunkel/WORK/GIT_HUB/Pi0_Papers/ANALYSIS_
NOTE/RESULTS/NewEffPlot.pdf used on input line 6.
(pdftex.def)             Requested size: 356.41513pt x 297.89972pt.


LaTeX Warning: Command \textless invalid in math mode on input line 7.


LaTeX Warning: Command \textless invalid in math mode on input line 7.


LaTeX Warning: Command \textless invalid in math mode on input line 7.


LaTeX Warning: Command \textless invalid in math mode on input line 7.


LaTeX Warning: Command \textless invalid in math mode on input line 7.


LaTeX Warning: Command \textless invalid in math mode on input line 7.


LaTeX Warning: Command \textless invalid in math mode on input line 7.


LaTeX Warning: Command \textless invalid in math mode on input line 7.


LaTeX Warning: `!h' float specifier changed to `!ht'.


Overfull \hbox (1.58482pt too wide) in paragraph at lines 10--11
[]\T1/cmr/m/n/10.95 Three-charged track-efficiency val-ues from the ini-tial pr
o-ce-dure, de-scribed
 []

[15 </Users/michaelkunkel/WORK/GIT_HUB/THESIS/figures/print/analysis/EFFICIENCY
/G12_XSection_Normaization_Compare_thesisII.pdf, page is rotated 90 degrees>]
</Users/michaelkunkel/WORK/CLAS/CLAS6/CODES/SVN/clas/PI0/EFFICIENCY/CosProfiled
HistMeanPartial_I.pdf, id=745, 569.12625pt x 367.3725pt>
File: /Users/michaelkunkel/WORK/CLAS/CLAS6/CODES/SVN/clas/PI0/EFFICIENCY/CosPro
filedHistMeanPartial_I.pdf Graphic file (type pdf)

<use /Users/michaelkunkel/WORK/CLAS/CLAS6/CODES/SVN/clas/PI0/EFFICIENCY/CosProf
iledHistMeanPartial_I.pdf>
Package pdftex.def Info: /Users/michaelkunkel/WORK/CLAS/CLAS6/CODES/SVN/clas/PI
0/EFFICIENCY/CosProfiledHistMeanPartial_I.pdf used on input line 21.
(pdftex.def)             Requested size: 426.8089pt x 238.324pt.

Overfull \hbox (70.43944pt too wide) in paragraph at lines 21--22
 [][] 
 []


</Users/michaelkunkel/WORK/CLAS/CLAS6/CODES/SVN/clas/PI0/EFFICIENCY/CosProfiled
HistMeanPartial_II.pdf, id=746, 569.12625pt x 367.3725pt>
File: /Users/michaelkunkel/WORK/CLAS/CLAS6/CODES/SVN/clas/PI0/EFFICIENCY/CosPro
filedHistMeanPartial_II.pdf Graphic file (type pdf)

<use /Users/michaelkunkel/WORK/CLAS/CLAS6/CODES/SVN/clas/PI0/EFFICIENCY/CosProf
iledHistMeanPartial_II.pdf>
Package pdftex.def Info: /Users/michaelkunkel/WORK/CLAS/CLAS6/CODES/SVN/clas/PI
0/EFFICIENCY/CosProfiledHistMeanPartial_II.pdf used on input line 23.
(pdftex.def)             Requested size: 426.8089pt x 238.324pt.

Overfull \hbox (70.43944pt too wide) in paragraph at lines 23--24
 [][] 
 []


</Users/michaelkunkel/WORK/CLAS/CLAS6/CODES/SVN/clas/PI0/EFFICIENCY/CosProfiled
HistMeanPartial_III.pdf, id=747, 569.12625pt x 367.3725pt>
File: /Users/michaelkunkel/WORK/CLAS/CLAS6/CODES/SVN/clas/PI0/EFFICIENCY/CosPro
filedHistMeanPartial_III.pdf Graphic file (type pdf)

<use /Users/michaelkunkel/WORK/CLAS/CLAS6/CODES/SVN/clas/PI0/EFFICIENCY/CosProf
iledHistMeanPartial_III.pdf>
Package pdftex.def Info: /Users/michaelkunkel/WORK/CLAS/CLAS6/CODES/SVN/clas/PI
0/EFFICIENCY/CosProfiledHistMeanPartial_III.pdf used on input line 30.
(pdftex.def)             Requested size: 426.8089pt x 238.324pt.

Overfull \hbox (70.43944pt too wide) in paragraph at lines 30--31
 [][] 
 []


</Users/michaelkunkel/WORK/CLAS/CLAS6/CODES/SVN/clas/PI0/EFFICIENCY/CosProfiled
HistMeanPartial_IV.pdf, id=748, 569.12625pt x 367.3725pt>
File: /Users/michaelkunkel/WORK/CLAS/CLAS6/CODES/SVN/clas/PI0/EFFICIENCY/CosPro
filedHistMeanPartial_IV.pdf Graphic file (type pdf)

<use /Users/michaelkunkel/WORK/CLAS/CLAS6/CODES/SVN/clas/PI0/EFFICIENCY/CosProf
iledHistMeanPartial_IV.pdf>
Package pdftex.def Info: /Users/michaelkunkel/WORK/CLAS/CLAS6/CODES/SVN/clas/PI
0/EFFICIENCY/CosProfiledHistMeanPartial_IV.pdf used on input line 32.
(pdftex.def)             Requested size: 426.8089pt x 238.324pt.

Overfull \hbox (70.43944pt too wide) in paragraph at lines 32--33
 [][] 
 []


</Users/michaelkunkel/WORK/CLAS/CLAS6/CODES/SVN/clas/PI0/EFFICIENCY/CosProfiled
HistMeanPartial_V.pdf, id=749, 569.12625pt x 367.3725pt>
File: /Users/michaelkunkel/WORK/CLAS/CLAS6/CODES/SVN/clas/PI0/EFFICIENCY/CosPro
filedHistMeanPartial_V.pdf Graphic file (type pdf)

<use /Users/michaelkunkel/WORK/CLAS/CLAS6/CODES/SVN/clas/PI0/EFFICIENCY/CosProf
iledHistMeanPartial_V.pdf>
Package pdftex.def Info: /Users/michaelkunkel/WORK/CLAS/CLAS6/CODES/SVN/clas/PI
0/EFFICIENCY/CosProfiledHistMeanPartial_V.pdf used on input line 38.
(pdftex.def)             Requested size: 426.8089pt x 238.324pt.

Overfull \hbox (70.43944pt too wide) in paragraph at lines 38--39
 [][] 
 []


</Users/michaelkunkel/WORK/CLAS/CLAS6/CODES/SVN/clas/PI0/EFFICIENCY/CosProfiled
HistMeanPartial_VI.pdf, id=750, 569.12625pt x 367.3725pt>
File: /Users/michaelkunkel/WORK/CLAS/CLAS6/CODES/SVN/clas/PI0/EFFICIENCY/CosPro
filedHistMeanPartial_VI.pdf Graphic file (type pdf)

<use /Users/michaelkunkel/WORK/CLAS/CLAS6/CODES/SVN/clas/PI0/EFFICIENCY/CosProf
iledHistMeanPartial_VI.pdf>
Package pdftex.def Info: /Users/michaelkunkel/WORK/CLAS/CLAS6/CODES/SVN/clas/PI
0/EFFICIENCY/CosProfiledHistMeanPartial_VI.pdf used on input line 40.
(pdftex.def)             Requested size: 426.8089pt x 238.324pt.

Overfull \hbox (70.43944pt too wide) in paragraph at lines 40--41
 [][] 
 []


</Users/michaelkunkel/WORK/CLAS/CLAS6/CODES/SVN/clas/PI0/EFFICIENCY/CosProfiled
HistMeanPartial_VII.pdf, id=751, 569.12625pt x 367.3725pt>
File: /Users/michaelkunkel/WORK/CLAS/CLAS6/CODES/SVN/clas/PI0/EFFICIENCY/CosPro
filedHistMeanPartial_VII.pdf Graphic file (type pdf)

<use /Users/michaelkunkel/WORK/CLAS/CLAS6/CODES/SVN/clas/PI0/EFFICIENCY/CosProf
iledHistMeanPartial_VII.pdf>
Package pdftex.def Info: /Users/michaelkunkel/WORK/CLAS/CLAS6/CODES/SVN/clas/PI
0/EFFICIENCY/CosProfiledHistMeanPartial_VII.pdf used on input line 46.
(pdftex.def)             Requested size: 369.90163pt x 297.91763pt.

Overfull \hbox (13.53217pt too wide) in paragraph at lines 46--47
 [][] 
 []


</Users/michaelkunkel/WORK/CLAS/CLAS6/CODES/SVN/clas/PI0/EFFICIENCY/CosProfiled
HistMeanPartial_VIII.pdf, id=752, 569.12625pt x 367.3725pt>
File: /Users/michaelkunkel/WORK/CLAS/CLAS6/CODES/SVN/clas/PI0/EFFICIENCY/CosPro
filedHistMeanPartial_VIII.pdf Graphic file (type pdf)

<use /Users/michaelkunkel/WORK/CLAS/CLAS6/CODES/SVN/clas/PI0/EFFICIENCY/CosProf
iledHistMeanPartial_VIII.pdf>
Package pdftex.def Info: /Users/michaelkunkel/WORK/CLAS/CLAS6/CODES/SVN/clas/PI
0/EFFICIENCY/CosProfiledHistMeanPartial_VIII.pdf used on input line 48.
(pdftex.def)             Requested size: 369.90163pt x 297.91763pt.

Overfull \hbox (13.53217pt too wide) in paragraph at lines 48--49
 [][] 
 []


LaTeX Warning: Float too large for page by 78.235pt on input line 51.

[16 </Users/michaelkunkel/WORK/GIT_HUB/Pi0_Papers/ANALYSIS_NOTE/RESULTS/NewEffP
lot.pdf, page is rotated 90 degrees>] [17] [18 </Users/michaelkunkel/WORK/CLAS/
CLAS6/CODES/SVN/clas/PI0/EFFICIENCY/CosProfiledHistMeanPartial_I.pdf, page is r
otated 90 degrees> </Users/michaelkunkel/WORK/CLAS/CLAS6/CODES/SVN/clas/PI0/EFF
ICIENCY/CosProfiledHistMeanPartial_II.pdf, page is rotated 90 degrees>]
[19 </Users/michaelkunkel/WORK/CLAS/CLAS6/CODES/SVN/clas/PI0/EFFICIENCY/CosProf
iledHistMeanPartial_III.pdf, page is rotated 90 degrees> </Users/michaelkunkel/
WORK/CLAS/CLAS6/CODES/SVN/clas/PI0/EFFICIENCY/CosProfiledHistMeanPartial_IV.pdf
, page is rotated 90 degrees>] [20 </Users/michaelkunkel/WORK/CLAS/CLAS6/CODES/
SVN/clas/PI0/EFFICIENCY/CosProfiledHistMeanPartial_V.pdf, page is rotated 90 de
grees> </Users/michaelkunkel/WORK/CLAS/CLAS6/CODES/SVN/clas/PI0/EFFICIENCY/CosP
rofiledHistMeanPartial_VI.pdf, page is rotated 90 degrees>] [21 </Users/michael
kunkel/WORK/CLAS/CLAS6/CODES/SVN/clas/PI0/EFFICIENCY/CosProfiledHistMeanPartial
_VII.pdf, page is rotated 90 degrees> </Users/michaelkunkel/WORK/CLAS/CLAS6/COD
ES/SVN/clas/PI0/EFFICIENCY/CosProfiledHistMeanPartial_VIII.pdf, page is rotated
 90 degrees>]
</Users/michaelkunkel/WORK/CLAS/CLAS6/CODES/SVN/clas/PI0/EFFICIENCY/LepTrigRang
eThesisBinningHistMean.pdf, id=1196, 569.12625pt x 367.3725pt>
File: /Users/michaelkunkel/WORK/CLAS/CLAS6/CODES/SVN/clas/PI0/EFFICIENCY/LepTri
gRangeThesisBinningHistMean.pdf Graphic file (type pdf)

<use /Users/michaelkunkel/WORK/CLAS/CLAS6/CODES/SVN/clas/PI0/EFFICIENCY/LepTrig
RangeThesisBinningHistMean.pdf>
Package pdftex.def Info: /Users/michaelkunkel/WORK/CLAS/CLAS6/CODES/SVN/clas/PI
0/EFFICIENCY/LepTrigRangeThesisBinningHistMean.pdf used on input line 59.
(pdftex.def)             Requested size: 356.41513pt x 297.91763pt.

</Users/michaelkunkel/WORK/CLAS/CLAS6/CODES/SVN/clas/PI0/EFFICIENCY/MorTrigRang
eThesisBinningHistMean.pdf, id=1197, 569.12625pt x 367.3725pt>
File: /Users/michaelkunkel/WORK/CLAS/CLAS6/CODES/SVN/clas/PI0/EFFICIENCY/MorTri
gRangeThesisBinningHistMean.pdf Graphic file (type pdf)

<use /Users/michaelkunkel/WORK/CLAS/CLAS6/CODES/SVN/clas/PI0/EFFICIENCY/MorTrig
RangeThesisBinningHistMean.pdf>
Package pdftex.def Info: /Users/michaelkunkel/WORK/CLAS/CLAS6/CODES/SVN/clas/PI
0/EFFICIENCY/MorTrigRangeThesisBinningHistMean.pdf used on input line 64.
(pdftex.def)             Requested size: 356.41513pt x 297.91763pt.


LaTeX Warning: `!h' float specifier changed to `!ht'.

[22 </Users/michaelkunkel/WORK/CLAS/CLAS6/CODES/SVN/clas/PI0/EFFICIENCY/LepTrig
RangeThesisBinningHistMean.pdf, page is rotated 90 degrees>]
</Users/michaelkunkel/WORK/CLAS/CLAS6/CODES/SVN/clas/PI0/EFFICIENCY/Trk_1_325.p
df, id=1251, 569.12625pt x 367.3725pt>
File: /Users/michaelkunkel/WORK/CLAS/CLAS6/CODES/SVN/clas/PI0/EFFICIENCY/Trk_1_
325.pdf Graphic file (type pdf)

<use /Users/michaelkunkel/WORK/CLAS/CLAS6/CODES/SVN/clas/PI0/EFFICIENCY/Trk_1_3
25.pdf>
Package pdftex.def Info: /Users/michaelkunkel/WORK/CLAS/CLAS6/CODES/SVN/clas/PI
0/EFFICIENCY/Trk_1_325.pdf used on input line 75.
(pdftex.def)             Requested size: 166.22342pt x 180.67555pt.

</Users/michaelkunkel/WORK/CLAS/CLAS6/CODES/SVN/clas/PI0/EFFICIENCY/Trk_2_375.p
df, id=1252, 569.12625pt x 367.3725pt>
File: /Users/michaelkunkel/WORK/CLAS/CLAS6/CODES/SVN/clas/PI0/EFFICIENCY/Trk_2_
375.pdf Graphic file (type pdf)

<use /Users/michaelkunkel/WORK/CLAS/CLAS6/CODES/SVN/clas/PI0/EFFICIENCY/Trk_2_3
75.pdf>
Package pdftex.def Info: /Users/michaelkunkel/WORK/CLAS/CLAS6/CODES/SVN/clas/PI
0/EFFICIENCY/Trk_2_375.pdf used on input line 76.
(pdftex.def)             Requested size: 166.22342pt x 180.67555pt.

</Users/michaelkunkel/WORK/CLAS/CLAS6/CODES/SVN/clas/PI0/EFFICIENCY/Trk_3_775.p
df, id=1253, 569.12625pt x 367.3725pt>
File: /Users/michaelkunkel/WORK/CLAS/CLAS6/CODES/SVN/clas/PI0/EFFICIENCY/Trk_3_
775.pdf Graphic file (type pdf)

<use /Users/michaelkunkel/WORK/CLAS/CLAS6/CODES/SVN/clas/PI0/EFFICIENCY/Trk_3_7
75.pdf>
Package pdftex.def Info: /Users/michaelkunkel/WORK/CLAS/CLAS6/CODES/SVN/clas/PI
0/EFFICIENCY/Trk_3_775.pdf used on input line 77.
(pdftex.def)             Requested size: 166.22342pt x 180.67555pt.

</Users/michaelkunkel/WORK/CLAS/CLAS6/CODES/SVN/clas/PI0/EFFICIENCY/Trk_4_875.p
df, id=1254, 569.12625pt x 367.3725pt>
File: /Users/michaelkunkel/WORK/CLAS/CLAS6/CODES/SVN/clas/PI0/EFFICIENCY/Trk_4_
875.pdf Graphic file (type pdf)

<use /Users/michaelkunkel/WORK/CLAS/CLAS6/CODES/SVN/clas/PI0/EFFICIENCY/Trk_4_8
75.pdf>
Package pdftex.def Info: /Users/michaelkunkel/WORK/CLAS/CLAS6/CODES/SVN/clas/PI
0/EFFICIENCY/Trk_4_875.pdf used on input line 78.
(pdftex.def)             Requested size: 166.22342pt x 180.67555pt.

</Users/michaelkunkel/WORK/CLAS/CLAS6/CODES/SVN/clas/PI0/EFFICIENCY/TrkUncertia
ntyVSBeamEnergyReBin.pdf, id=1263, 569.12625pt x 367.3725pt>
File: /Users/michaelkunkel/WORK/CLAS/CLAS6/CODES/SVN/clas/PI0/EFFICIENCY/TrkUnc
ertiantyVSBeamEnergyReBin.pdf Graphic file (type pdf)

<use /Users/michaelkunkel/WORK/CLAS/CLAS6/CODES/SVN/clas/PI0/EFFICIENCY/TrkUnce
rtiantyVSBeamEnergyReBin.pdf>
Package pdftex.def Info: /Users/michaelkunkel/WORK/CLAS/CLAS6/CODES/SVN/clas/PI
0/EFFICIENCY/TrkUncertiantyVSBeamEnergyReBin.pdf used on input line 88.
(pdftex.def)             Requested size: 356.41513pt x 297.91763pt.


LaTeX Warning: `!h' float specifier changed to `!ht'.

[23 </Users/michaelkunkel/WORK/CLAS/CLAS6/CODES/SVN/clas/PI0/EFFICIENCY/MorTrig
RangeThesisBinningHistMean.pdf, page is rotated 90 degrees>] [24 </Users/michae
lkunkel/WORK/CLAS/CLAS6/CODES/SVN/clas/PI0/EFFICIENCY/Trk_1_325.pdf, page is ro
tated 90 degrees> </Users/michaelkunkel/WORK/CLAS/CLAS6/CODES/SVN/clas/PI0/EFFI
CIENCY/Trk_2_375.pdf, page is rotated 90 degrees> </Users/michaelkunkel/WORK/CL
AS/CLAS6/CODES/SVN/clas/PI0/EFFICIENCY/Trk_3_775.pdf, page is rotated 90 degree
s> </Users/michaelkunkel/WORK/CLAS/CLAS6/CODES/SVN/clas/PI0/EFFICIENCY/Trk_4_87
5.pdf, page is rotated 90 degrees>] [25 </Users/michaelkunkel/WORK/CLAS/CLAS6/C
ODES/SVN/clas/PI0/EFFICIENCY/TrkUncertiantyVSBeamEnergyReBin.pdf, page is rotat
ed 90 degrees>]) (./G12TrackNormalizationProcedure.bbl) [26

]
Package atveryend Info: Empty hook `BeforeClearDocument' on input line 188.
Package atveryend Info: Empty hook `AfterLastShipout' on input line 188.

(./G12TrackNormalizationProcedure.aux)
Package atveryend Info: Executing hook `AtVeryEndDocument' on input line 188.
Package atveryend Info: Executing hook `AtEndAfterFileList' on input line 188.


Package rerunfilecheck Warning: File `G12TrackNormalizationProcedure.out' has c
hanged.
(rerunfilecheck)                Rerun to get outlines right
(rerunfilecheck)                or use package `bookmark'.

Package rerunfilecheck Info: Checksums for `G12TrackNormalizationProcedure.out'
:
(rerunfilecheck)             Before: F5138AFB348F16C8BE627008F14A0336;515
(rerunfilecheck)             After:  5E1C29170ED95686A90E17FB50B01910;634.
Package atveryend Info: Empty hook `AtVeryVeryEnd' on input line 188.
 ) 
Here is how much of TeX's memory you used:
 22292 strings out of 493014
 419946 string characters out of 6133350
 502398 words of memory out of 5000000
 25278 multiletter control sequences out of 15000+600000
 19871 words of font info for 58 fonts, out of 8000000 for 9000
 1141 hyphenation exceptions out of 8191
 62i,16n,89p,948b,585s stack positions out of 5000i,500n,10000p,200000b,80000s
{/usr/local/texlive/2016/texmf-dist/fonts/enc/dvips/cm-super/cm-super-t1.enc}
</usr/local/texlive/2016/texmf-dist/fonts/type1/public/amsfonts/cm/cmex10.pfb><
/usr/local/texlive/2016/texmf-dist/fonts/type1/public/amsfonts/cm/cmmi10.pfb></
usr/local/texlive/2016/texmf-dist/fonts/type1/public/amsfonts/cm/cmmi12.pfb></u
sr/local/texlive/2016/texmf-dist/fonts/type1/public/amsfonts/cm/cmmi6.pfb></usr
/local/texlive/2016/texmf-dist/fonts/type1/public/amsfonts/cm/cmmi8.pfb></usr/l
ocal/texlive/2016/texmf-dist/fonts/type1/public/amsfonts/cm/cmmi9.pfb></usr/loc
al/texlive/2016/texmf-dist/fonts/type1/public/amsfonts/cm/cmr10.pfb></usr/local
/texlive/2016/texmf-dist/fonts/type1/public/amsfonts/cm/cmr6.pfb></usr/local/te
xlive/2016/texmf-dist/fonts/type1/public/amsfonts/cm/cmr8.pfb></usr/local/texli
ve/2016/texmf-dist/fonts/type1/public/amsfonts/cm/cmr9.pfb></usr/local/texlive/
2016/texmf-dist/fonts/type1/public/amsfonts/cm/cmsy10.pfb></usr/local/texlive/2
016/texmf-dist/fonts/type1/public/amsfonts/cm/cmsy6.pfb></usr/local/texlive/201
6/texmf-dist/fonts/type1/public/amsfonts/cm/cmsy8.pfb></usr/local/texlive/2016/
texmf-dist/fonts/type1/public/amsfonts/cm/cmsy9.pfb></usr/local/texlive/2016/te
xmf-dist/fonts/type1/public/cm-super/sfbx1095.pfb></usr/local/texlive/2016/texm
f-dist/fonts/type1/public/cm-super/sfbx1200.pfb></usr/local/texlive/2016/texmf-
dist/fonts/type1/public/cm-super/sfbx1440.pfb></usr/local/texlive/2016/texmf-di
st/fonts/type1/public/cm-super/sfrm0900.pfb></usr/local/texlive/2016/texmf-dist
/fonts/type1/public/cm-super/sfrm1095.pfb></usr/local/texlive/2016/texmf-dist/f
onts/type1/public/cm-super/sfrm1200.pfb></usr/local/texlive/2016/texmf-dist/fon
ts/type1/public/cm-super/sfrm1728.pfb></usr/local/texlive/2016/texmf-dist/fonts
/type1/public/cm-super/sftc1095.pfb></usr/local/texlive/2016/texmf-dist/fonts/t
ype1/public/cm-super/sfti1095.pfb>
Output written on G12TrackNormalizationProcedure.pdf (26 pages, 883247 bytes).
PDF statistics:
 1645 PDF objects out of 1728 (max. 8388607)
 827 compressed objects within 9 object streams
 84 named destinations out of 1000 (max. 500000)
 214 words of extra memory for PDF output out of 10000 (max. 10000000)

